<?xml version="1.0" encoding="UTF-8"?>
<testsuite xmlns:xsi="http://www.w3.org/2001/XMLSchema-instance" xsi:noNamespaceSchemaLocation="https://maven.apache.org/surefire/maven-surefire-plugin/xsd/surefire-test-report-3.0.xsd" version="3.0" name="com.kvds.wal.LogEntryTest" time="0.044" tests="18" errors="0" skipped="0" failures="0">
  <properties>
[...]
</properties>
  <testcase name="testCreateLogEntryWithTimestamp" classname="com.kvds.wal.LogEntryTest" time="0.001"/>
  <testcase name="testDeserializeEmptyLine" classname="com.kvds.wal.LogEntryTest" time="0.002"/>
  <testcase name="testDeserializeNullLine" classname="com.kvds.wal.LogEntryTest" time="0.002"/>
  <testcase name="testToString" classname="com.kvds.wal.LogEntryTest" time="0.001"/>
  <testcase name="testDeserializeInvalidOperation" classname="com.kvds.wal.LogEntryTest" time="0.003"/>
  <testcase name="testNullOperation" classname="com.kvds.wal.LogEntryTest" time="0.003"/>
  <testcase name="testDeserializeDeleteEntry" classname="com.kvds.wal.LogEntryTest" time="0.003"/>
  <testcase name="testSerializeDeserializeWithSpaces" classname="com.kvds.wal.LogEntryTest" time="0.001"/>
  <testcase name="testHashCode" classname="com.kvds.wal.LogEntryTest" time="0.0"/>
  <testcase name="testSerializeDeleteEntry" classname="com.kvds.wal.LogEntryTest" time="0.001"/>
  <testcase name="testEquals" classname="com.kvds.wal.LogEntryTest" time="0.003"/>
  <testcase name="testDeserializeInvalidFormat" classname="com.kvds.wal.LogEntryTest" time="0.0"/>
  <testcase name="testDeserializeInvalidTimestamp" classname="com.kvds.wal.LogEntryTest" time="0.001"/>
  <testcase name="testCreateDeleteEntry" classname="com.kvds.wal.LogEntryTest" time="0.001"/>
  <testcase name="testSerializePutEntry" classname="com.kvds.wal.LogEntryTest" time="0.002"/>
  <testcase name="testDeserializePutEntry" classname="com.kvds.wal.LogEntryTest" time="0.001"/>
  <testcase name="testNullKey" classname="com.kvds.wal.LogEntryTest" time="0.003"/>
  <testcase name="testCreateLogEntryWithoutTimestamp" classname="com.kvds.wal.LogEntryTest" time="0.0"/>
</testsuite>