<?xml version="1.0" encoding="UTF-8"?>
<testsuite xmlns:xsi="http://www.w3.org/2001/XMLSchema-instance" xsi:noNamespaceSchemaLocation="https://maven.apache.org/surefire/maven-surefire-plugin/xsd/surefire-test-report-3.0.xsd" version="3.0" name="com.kvds.recovery.RecoveryManagerImplTest" time="2.166" tests="15" errors="0" skipped="0" failures="0">
  <properties>
[...]
</properties>
  <testcase name="testRecoverMixedOperations" classname="com.kvds.recovery.RecoveryManagerImplTest" time="1.982">
    <system-out><![CDATA[23:21:11.250 [main] DEBUG com.kvds.storage.InMemoryStorage - InMemoryStorage initialized
23:21:13.223 [main] INFO  c.kvds.recovery.RecoveryManagerImpl - Starting recovery from WAL
23:21:13.230 [main] INFO  c.kvds.recovery.RecoveryManagerImpl - Recovery complete: 4 entries replayed out of 4
]]></system-out>
  </testcase>
  <testcase name="testRecoverPreservesExistingData" classname="com.kvds.recovery.RecoveryManagerImplTest" time="0.004">
    <system-out><![CDATA[23:21:13.235 [main] DEBUG com.kvds.storage.InMemoryStorage - InMemoryStorage initialized
23:21:13.237 [main] INFO  c.kvds.recovery.RecoveryManagerImpl - Starting recovery from WAL
23:21:13.237 [main] INFO  c.kvds.recovery.RecoveryManagerImpl - Recovery complete: 1 entries replayed out of 1
]]></system-out>
  </testcase>
  <testcase name="testRecoverOverwriteValue" classname="com.kvds.recovery.RecoveryManagerImplTest" time="0.003">
    <system-out><![CDATA[23:21:13.242 [main] DEBUG com.kvds.storage.InMemoryStorage - InMemoryStorage initialized
23:21:13.243 [main] INFO  c.kvds.recovery.RecoveryManagerImpl - Starting recovery from WAL
23:21:13.243 [main] INFO  c.kvds.recovery.RecoveryManagerImpl - Recovery complete: 2 entries replayed out of 2
]]></system-out>
  </testcase>
  <testcase name="testRecoverDeleteOperation" classname="com.kvds.recovery.RecoveryManagerImplTest" time="0.006">
    <system-out><![CDATA[23:21:13.247 [main] DEBUG com.kvds.storage.InMemoryStorage - InMemoryStorage initialized
23:21:13.250 [main] INFO  c.kvds.recovery.RecoveryManagerImpl - Starting recovery from WAL
23:21:13.250 [main] INFO  c.kvds.recovery.RecoveryManagerImpl - Recovery complete: 1 entries replayed out of 1
]]></system-out>
  </testcase>
  <testcase name="testRecoverWithNullWAL" classname="com.kvds.recovery.RecoveryManagerImplTest" time="0.003">
    <system-out><![CDATA[23:21:13.254 [main] DEBUG com.kvds.storage.InMemoryStorage - InMemoryStorage initialized
]]></system-out>
  </testcase>
  <testcase name="testRecoverContinuesOnEntryError" classname="com.kvds.recovery.RecoveryManagerImplTest" time="0.1">
    <system-out><![CDATA[23:21:13.260 [main] DEBUG com.kvds.storage.InMemoryStorage - InMemoryStorage initialized
23:21:13.323 [main] INFO  c.kvds.recovery.RecoveryManagerImpl - Starting recovery from WAL
23:21:13.329 [main] WARN  c.kvds.recovery.RecoveryManagerImpl - Failed to replay log entry: LogEntry{timestamp=1769968273312, operation=PUT, key='key2', value='value2'}
java.lang.RuntimeException: Storage error
	at com.kvds.recovery.RecoveryManagerImpl.replayLogEntry(RecoveryManagerImpl.java:70)
	at com.kvds.recovery.RecoveryManagerImpl.recover(RecoveryManagerImpl.java:45)
	at com.kvds.recovery.RecoveryManagerImplTest.testRecoverContinuesOnEntryError(RecoveryManagerImplTest.java:175)
	at java.base/jdk.internal.reflect.NativeMethodAccessorImpl.invoke0(Native Method)
	at java.base/jdk.internal.reflect.NativeMethodAccessorImpl.invoke(NativeMethodAccessorImpl.java:77)
	at java.base/jdk.internal.reflect.DelegatingMethodAccessorImpl.invoke(DelegatingMethodAccessorImpl.java:43)
	at java.base/java.lang.reflect.Method.invoke(Method.java:568)
	at org.junit.platform.commons.util.ReflectionUtils.invokeMethod(ReflectionUtils.java:728)
	at org.junit.jupiter.engine.execution.MethodInvocation.proceed(MethodInvocation.java:60)
	at org.junit.jupiter.engine.execution.InvocationInterceptorChain$ValidatingInvocation.proceed(InvocationInterceptorChain.java:131)
	at org.junit.jupiter.engine.extension.TimeoutExtension.intercept(TimeoutExtension.java:156)
	at org.junit.jupiter.engine.extension.TimeoutExtension.interceptTestableMethod(TimeoutExtension.java:147)
	at org.junit.jupiter.engine.extension.TimeoutExtension.interceptTestMethod(TimeoutExtension.java:86)
	at org.junit.jupiter.engine.execution.InterceptingExecutableInvoker$ReflectiveInterceptorCall.lambda$ofVoidMethod$0(InterceptingExecutableInvoker.java:103)
	at org.junit.jupiter.engine.execution.InterceptingExecutableInvoker.lambda$invoke$0(InterceptingExecutableInvoker.java:93)
	at org.junit.jupiter.engine.execution.InvocationInterceptorChain$InterceptedInvocation.proceed(InvocationInterceptorChain.java:106)
	at org.junit.jupiter.engine.execution.InvocationInterceptorChain.proceed(InvocationInterceptorChain.java:64)
	at org.junit.jupiter.engine.execution.InvocationInterceptorChain.chainAndInvoke(InvocationInterceptorChain.java:45)
	at org.junit.jupiter.engine.execution.InvocationInterceptorChain.invoke(InvocationInterceptorChain.java:37)
	at org.junit.jupiter.engine.execution.InterceptingExecutableInvoker.invoke(InterceptingExecutableInvoker.java:92)
	at org.junit.jupiter.engine.execution.InterceptingExecutableInvoker.invoke(InterceptingExecutableInvoker.java:86)
	at org.junit.jupiter.engine.descriptor.TestMethodTestDescriptor.lambda$invokeTestMethod$7(TestMethodTestDescriptor.java:218)
	at org.junit.platform.engine.support.hierarchical.ThrowableCollector.execute(ThrowableCollector.java:73)
	at org.junit.jupiter.engine.descriptor.TestMethodTestDescriptor.invokeTestMethod(TestMethodTestDescriptor.java:214)
	at org.junit.jupiter.engine.descriptor.TestMethodTestDescriptor.execute(TestMethodTestDescriptor.java:139)
	at org.junit.jupiter.engine.descriptor.TestMethodTestDescriptor.execute(TestMethodTestDescriptor.java:69)
	at org.junit.platform.engine.support.hierarchical.NodeTestTask.lambda$executeRecursively$6(NodeTestTask.java:151)
	at org.junit.platform.engine.support.hierarchical.ThrowableCollector.execute(ThrowableCollector.java:73)
	at org.junit.platform.engine.support.hierarchical.NodeTestTask.lambda$executeRecursively$8(NodeTestTask.java:141)
	at org.junit.platform.engine.support.hierarchical.Node.around(Node.java:137)
	at org.junit.platform.engine.support.hierarchical.NodeTestTask.lambda$executeRecursively$9(NodeTestTask.java:139)
	at org.junit.platform.engine.support.hierarchical.ThrowableCollector.execute(ThrowableCollector.java:73)
	at org.junit.platform.engine.support.hierarchical.NodeTestTask.executeRecursively(NodeTestTask.java:138)
	at org.junit.platform.engine.support.hierarchical.NodeTestTask.execute(NodeTestTask.java:95)
	at java.base/java.util.ArrayList.forEach(ArrayList.java:1511)
	at org.junit.platform.engine.support.hierarchical.SameThreadHierarchicalTestExecutorService.invokeAll(SameThreadHierarchicalTestExecutorService.java:41)
	at org.junit.platform.engine.support.hierarchical.NodeTestTask.lambda$executeRecursively$6(NodeTestTask.java:155)
	at org.junit.platform.engine.support.hierarchical.ThrowableCollector.execute(ThrowableCollector.java:73)
	at org.junit.platform.engine.support.hierarchical.NodeTestTask.lambda$executeRecursively$8(NodeTestTask.java:141)
	at org.junit.platform.engine.support.hierarchical.Node.around(Node.java:137)
	at org.junit.platform.engine.support.hierarchical.NodeTestTask.lambda$executeRecursively$9(NodeTestTask.java:139)
	at org.junit.platform.engine.support.hierarchical.ThrowableCollector.execute(ThrowableCollector.java:73)
	at org.junit.platform.engine.support.hierarchical.NodeTestTask.executeRecursively(NodeTestTask.java:138)
	at org.junit.platform.engine.support.hierarchical.NodeTestTask.execute(NodeTestTask.java:95)
	at java.base/java.util.ArrayList.forEach(ArrayList.java:1511)
	at org.junit.platform.engine.support.hierarchical.SameThreadHierarchicalTestExecutorService.invokeAll(SameThreadHierarchicalTestExecutorService.java:41)
	at org.junit.platform.engine.support.hierarchical.NodeTestTask.lambda$executeRecursively$6(NodeTestTask.java:155)
	at org.junit.platform.engine.support.hierarchical.ThrowableCollector.execute(ThrowableCollector.java:73)
	at org.junit.platform.engine.support.hierarchical.NodeTestTask.lambda$executeRecursively$8(NodeTestTask.java:141)
	at org.junit.platform.engine.support.hierarchical.Node.around(Node.java:137)
	at org.junit.platform.engine.support.hierarchical.NodeTestTask.lambda$executeRecursively$9(NodeTestTask.java:139)
	at org.junit.platform.engine.support.hierarchical.ThrowableCollector.execute(ThrowableCollector.java:73)
	at org.junit.platform.engine.support.hierarchical.NodeTestTask.executeRecursively(NodeTestTask.java:138)
	at org.junit.platform.engine.support.hierarchical.NodeTestTask.execute(NodeTestTask.java:95)
	at org.junit.platform.engine.support.hierarchical.SameThreadHierarchicalTestExecutorService.submit(SameThreadHierarchicalTestExecutorService.java:35)
	at org.junit.platform.engine.support.hierarchical.HierarchicalTestExecutor.execute(HierarchicalTestExecutor.java:57)
	at org.junit.platform.engine.support.hierarchical.HierarchicalTestEngine.execute(HierarchicalTestEngine.java:54)
	at org.junit.platform.launcher.core.EngineExecutionOrchestrator.execute(EngineExecutionOrchestrator.java:198)
	at org.junit.platform.launcher.core.EngineExecutionOrchestrator.execute(EngineExecutionOrchestrator.java:169)
	at org.junit.platform.launcher.core.EngineExecutionOrchestrator.execute(EngineExecutionOrchestrator.java:93)
	at org.junit.platform.launcher.core.EngineExecutionOrchestrator.lambda$execute$0(EngineExecutionOrchestrator.java:58)
	at org.junit.platform.launcher.core.EngineExecutionOrchestrator.withInterceptedStreams(EngineExecutionOrchestrator.java:141)
	at org.junit.platform.launcher.core.EngineExecutionOrchestrator.execute(EngineExecutionOrchestrator.java:57)
	at org.junit.platform.launcher.core.DefaultLauncher.execute(DefaultLauncher.java:103)
	at org.junit.platform.launcher.core.DefaultLauncher.execute(DefaultLauncher.java:85)
	at org.junit.platform.launcher.core.DelegatingLauncher.execute(DelegatingLauncher.java:47)
	at org.apache.maven.surefire.junitplatform.LazyLauncher.execute(LazyLauncher.java:56)
	at org.apache.maven.surefire.junitplatform.JUnitPlatformProvider.execute(JUnitPlatformProvider.java:184)
	at org.apache.maven.surefire.junitplatform.JUnitPlatformProvider.invokeAllTests(JUnitPlatformProvider.java:148)
	at org.apache.maven.surefire.junitplatform.JUnitPlatformProvider.invoke(JUnitPlatformProvider.java:122)
	at org.apache.maven.surefire.booter.ForkedBooter.runSuitesInProcess(ForkedBooter.java:385)
	at org.apache.maven.surefire.booter.ForkedBooter.execute(ForkedBooter.java:162)
	at org.apache.maven.surefire.booter.ForkedBooter.run(ForkedBooter.java:507)
	at org.apache.maven.surefire.booter.ForkedBooter.main(ForkedBooter.java:495)
23:21:13.337 [main] INFO  c.kvds.recovery.RecoveryManagerImpl - Recovery complete: 2 entries replayed out of 3
]]></system-out>
  </testcase>
  <testcase name="testRecoverSequenceOfPutAndDelete" classname="com.kvds.recovery.RecoveryManagerImplTest" time="0.003">
    <system-out><![CDATA[23:21:13.361 [main] DEBUG com.kvds.storage.InMemoryStorage - InMemoryStorage initialized
23:21:13.363 [main] INFO  c.kvds.recovery.RecoveryManagerImpl - Starting recovery from WAL
23:21:13.363 [main] INFO  c.kvds.recovery.RecoveryManagerImpl - Recovery complete: 3 entries replayed out of 3
]]></system-out>
  </testcase>
  <testcase name="testRecoverSinglePutOperation" classname="com.kvds.recovery.RecoveryManagerImplTest" time="0.004">
    <system-out><![CDATA[23:21:13.367 [main] DEBUG com.kvds.storage.InMemoryStorage - InMemoryStorage initialized
23:21:13.368 [main] INFO  c.kvds.recovery.RecoveryManagerImpl - Starting recovery from WAL
23:21:13.369 [main] INFO  c.kvds.recovery.RecoveryManagerImpl - Recovery complete: 1 entries replayed out of 1
]]></system-out>
  </testcase>
  <testcase name="testRecoverDeleteNonExistentKey" classname="com.kvds.recovery.RecoveryManagerImplTest" time="0.004">
    <system-out><![CDATA[23:21:13.371 [main] DEBUG com.kvds.storage.InMemoryStorage - InMemoryStorage initialized
23:21:13.373 [main] INFO  c.kvds.recovery.RecoveryManagerImpl - Starting recovery from WAL
23:21:13.373 [main] INFO  c.kvds.recovery.RecoveryManagerImpl - Recovery complete: 1 entries replayed out of 1
]]></system-out>
  </testcase>
  <testcase name="testRecoverWithNullStorage" classname="com.kvds.recovery.RecoveryManagerImplTest" time="0.003">
    <system-out><![CDATA[23:21:13.377 [main] DEBUG com.kvds.storage.InMemoryStorage - InMemoryStorage initialized
]]></system-out>
  </testcase>
  <testcase name="testRecoverLargeNumberOfEntries" classname="com.kvds.recovery.RecoveryManagerImplTest" time="0.01">
    <system-out><![CDATA[23:21:13.381 [main] DEBUG com.kvds.storage.InMemoryStorage - InMemoryStorage initialized
23:21:13.384 [main] INFO  c.kvds.recovery.RecoveryManagerImpl - Starting recovery from WAL
23:21:13.385 [main] INFO  c.kvds.recovery.RecoveryManagerImpl - Recovery complete: 1000 entries replayed out of 1000
]]></system-out>
  </testcase>
  <testcase name="testRecoverWithWALReadException" classname="com.kvds.recovery.RecoveryManagerImplTest" time="0.008">
    <system-out><![CDATA[23:21:13.393 [main] DEBUG com.kvds.storage.InMemoryStorage - InMemoryStorage initialized
23:21:13.396 [main] INFO  c.kvds.recovery.RecoveryManagerImpl - Starting recovery from WAL
23:21:13.397 [main] ERROR c.kvds.recovery.RecoveryManagerImpl - Recovery failed
java.lang.RuntimeException: WAL read error
	at com.kvds.recovery.RecoveryManagerImpl.recover(RecoveryManagerImpl.java:35)
	at com.kvds.recovery.RecoveryManagerImplTest.lambda$testRecoverWithWALReadException$2(RecoveryManagerImplTest.java:154)
	at org.junit.jupiter.api.AssertThrows.assertThrows(AssertThrows.java:53)
	at org.junit.jupiter.api.AssertThrows.assertThrows(AssertThrows.java:35)
	at org.junit.jupiter.api.Assertions.assertThrows(Assertions.java:3115)
	at com.kvds.recovery.RecoveryManagerImplTest.testRecoverWithWALReadException(RecoveryManagerImplTest.java:153)
	at java.base/jdk.internal.reflect.NativeMethodAccessorImpl.invoke0(Native Method)
	at java.base/jdk.internal.reflect.NativeMethodAccessorImpl.invoke(NativeMethodAccessorImpl.java:77)
	at java.base/jdk.internal.reflect.DelegatingMethodAccessorImpl.invoke(DelegatingMethodAccessorImpl.java:43)
	at java.base/java.lang.reflect.Method.invoke(Method.java:568)
	at org.junit.platform.commons.util.ReflectionUtils.invokeMethod(ReflectionUtils.java:728)
	at org.junit.jupiter.engine.execution.MethodInvocation.proceed(MethodInvocation.java:60)
	at org.junit.jupiter.engine.execution.InvocationInterceptorChain$ValidatingInvocation.proceed(InvocationInterceptorChain.java:131)
	at org.junit.jupiter.engine.extension.TimeoutExtension.intercept(TimeoutExtension.java:156)
	at org.junit.jupiter.engine.extension.TimeoutExtension.interceptTestableMethod(TimeoutExtension.java:147)
	at org.junit.jupiter.engine.extension.TimeoutExtension.interceptTestMethod(TimeoutExtension.java:86)
	at org.junit.jupiter.engine.execution.InterceptingExecutableInvoker$ReflectiveInterceptorCall.lambda$ofVoidMethod$0(InterceptingExecutableInvoker.java:103)
	at org.junit.jupiter.engine.execution.InterceptingExecutableInvoker.lambda$invoke$0(InterceptingExecutableInvoker.java:93)
	at org.junit.jupiter.engine.execution.InvocationInterceptorChain$InterceptedInvocation.proceed(InvocationInterceptorChain.java:106)
	at org.junit.jupiter.engine.execution.InvocationInterceptorChain.proceed(InvocationInterceptorChain.java:64)
	at org.junit.jupiter.engine.execution.InvocationInterceptorChain.chainAndInvoke(InvocationInterceptorChain.java:45)
	at org.junit.jupiter.engine.execution.InvocationInterceptorChain.invoke(InvocationInterceptorChain.java:37)
	at org.junit.jupiter.engine.execution.InterceptingExecutableInvoker.invoke(InterceptingExecutableInvoker.java:92)
	at org.junit.jupiter.engine.execution.InterceptingExecutableInvoker.invoke(InterceptingExecutableInvoker.java:86)
	at org.junit.jupiter.engine.descriptor.TestMethodTestDescriptor.lambda$invokeTestMethod$7(TestMethodTestDescriptor.java:218)
	at org.junit.platform.engine.support.hierarchical.ThrowableCollector.execute(ThrowableCollector.java:73)
	at org.junit.jupiter.engine.descriptor.TestMethodTestDescriptor.invokeTestMethod(TestMethodTestDescriptor.java:214)
	at org.junit.jupiter.engine.descriptor.TestMethodTestDescriptor.execute(TestMethodTestDescriptor.java:139)
	at org.junit.jupiter.engine.descriptor.TestMethodTestDescriptor.execute(TestMethodTestDescriptor.java:69)
	at org.junit.platform.engine.support.hierarchical.NodeTestTask.lambda$executeRecursively$6(NodeTestTask.java:151)
	at org.junit.platform.engine.support.hierarchical.ThrowableCollector.execute(ThrowableCollector.java:73)
	at org.junit.platform.engine.support.hierarchical.NodeTestTask.lambda$executeRecursively$8(NodeTestTask.java:141)
	at org.junit.platform.engine.support.hierarchical.Node.around(Node.java:137)
	at org.junit.platform.engine.support.hierarchical.NodeTestTask.lambda$executeRecursively$9(NodeTestTask.java:139)
	at org.junit.platform.engine.support.hierarchical.ThrowableCollector.execute(ThrowableCollector.java:73)
	at org.junit.platform.engine.support.hierarchical.NodeTestTask.executeRecursively(NodeTestTask.java:138)
	at org.junit.platform.engine.support.hierarchical.NodeTestTask.execute(NodeTestTask.java:95)
	at java.base/java.util.ArrayList.forEach(ArrayList.java:1511)
	at org.junit.platform.engine.support.hierarchical.SameThreadHierarchicalTestExecutorService.invokeAll(SameThreadHierarchicalTestExecutorService.java:41)
	at org.junit.platform.engine.support.hierarchical.NodeTestTask.lambda$executeRecursively$6(NodeTestTask.java:155)
	at org.junit.platform.engine.support.hierarchical.ThrowableCollector.execute(ThrowableCollector.java:73)
	at org.junit.platform.engine.support.hierarchical.NodeTestTask.lambda$executeRecursively$8(NodeTestTask.java:141)
	at org.junit.platform.engine.support.hierarchical.Node.around(Node.java:137)
	at org.junit.platform.engine.support.hierarchical.NodeTestTask.lambda$executeRecursively$9(NodeTestTask.java:139)
	at org.junit.platform.engine.support.hierarchical.ThrowableCollector.execute(ThrowableCollector.java:73)
	at org.junit.platform.engine.support.hierarchical.NodeTestTask.executeRecursively(NodeTestTask.java:138)
	at org.junit.platform.engine.support.hierarchical.NodeTestTask.execute(NodeTestTask.java:95)
	at java.base/java.util.ArrayList.forEach(ArrayList.java:1511)
	at org.junit.platform.engine.support.hierarchical.SameThreadHierarchicalTestExecutorService.invokeAll(SameThreadHierarchicalTestExecutorService.java:41)
	at org.junit.platform.engine.support.hierarchical.NodeTestTask.lambda$executeRecursively$6(NodeTestTask.java:155)
	at org.junit.platform.engine.support.hierarchical.ThrowableCollector.execute(ThrowableCollector.java:73)
	at org.junit.platform.engine.support.hierarchical.NodeTestTask.lambda$executeRecursively$8(NodeTestTask.java:141)
	at org.junit.platform.engine.support.hierarchical.Node.around(Node.java:137)
	at org.junit.platform.engine.support.hierarchical.NodeTestTask.lambda$executeRecursively$9(NodeTestTask.java:139)
	at org.junit.platform.engine.support.hierarchical.ThrowableCollector.execute(ThrowableCollector.java:73)
	at org.junit.platform.engine.support.hierarchical.NodeTestTask.executeRecursively(NodeTestTask.java:138)
	at org.junit.platform.engine.support.hierarchical.NodeTestTask.execute(NodeTestTask.java:95)
	at org.junit.platform.engine.support.hierarchical.SameThreadHierarchicalTestExecutorService.submit(SameThreadHierarchicalTestExecutorService.java:35)
	at org.junit.platform.engine.support.hierarchical.HierarchicalTestExecutor.execute(HierarchicalTestExecutor.java:57)
	at org.junit.platform.engine.support.hierarchical.HierarchicalTestEngine.execute(HierarchicalTestEngine.java:54)
	at org.junit.platform.launcher.core.EngineExecutionOrchestrator.execute(EngineExecutionOrchestrator.java:198)
	at org.junit.platform.launcher.core.EngineExecutionOrchestrator.execute(EngineExecutionOrchestrator.java:169)
	at org.junit.platform.launcher.core.EngineExecutionOrchestrator.execute(EngineExecutionOrchestrator.java:93)
	at org.junit.platform.launcher.core.EngineExecutionOrchestrator.lambda$execute$0(EngineExecutionOrchestrator.java:58)
	at org.junit.platform.launcher.core.EngineExecutionOrchestrator.withInterceptedStreams(EngineExecutionOrchestrator.java:141)
	at org.junit.platform.launcher.core.EngineExecutionOrchestrator.execute(EngineExecutionOrchestrator.java:57)
	at org.junit.platform.launcher.core.DefaultLauncher.execute(DefaultLauncher.java:103)
	at org.junit.platform.launcher.core.DefaultLauncher.execute(DefaultLauncher.java:85)
	at org.junit.platform.launcher.core.DelegatingLauncher.execute(DelegatingLauncher.java:47)
	at org.apache.maven.surefire.junitplatform.LazyLauncher.execute(LazyLauncher.java:56)
	at org.apache.maven.surefire.junitplatform.JUnitPlatformProvider.execute(JUnitPlatformProvider.java:184)
	at org.apache.maven.surefire.junitplatform.JUnitPlatformProvider.invokeAllTests(JUnitPlatformProvider.java:148)
	at org.apache.maven.surefire.junitplatform.JUnitPlatformProvider.invoke(JUnitPlatformProvider.java:122)
	at org.apache.maven.surefire.booter.ForkedBooter.runSuitesInProcess(ForkedBooter.java:385)
	at org.apache.maven.surefire.booter.ForkedBooter.execute(ForkedBooter.java:162)
	at org.apache.maven.surefire.booter.ForkedBooter.run(ForkedBooter.java:507)
	at org.apache.maven.surefire.booter.ForkedBooter.main(ForkedBooter.java:495)
]]></system-out>
  </testcase>
  <testcase name="testRecoverMultiplePutOperations" classname="com.kvds.recovery.RecoveryManagerImplTest" time="0.004">
    <system-out><![CDATA[23:21:13.402 [main] DEBUG com.kvds.storage.InMemoryStorage - InMemoryStorage initialized
23:21:13.404 [main] INFO  c.kvds.recovery.RecoveryManagerImpl - Starting recovery from WAL
23:21:13.404 [main] INFO  c.kvds.recovery.RecoveryManagerImpl - Recovery complete: 3 entries replayed out of 3
]]></system-out>
  </testcase>
  <testcase name="testRecoverWithEmptyWAL" classname="com.kvds.recovery.RecoveryManagerImplTest" time="0.004">
    <system-out><![CDATA[23:21:13.407 [main] DEBUG com.kvds.storage.InMemoryStorage - InMemoryStorage initialized
23:21:13.408 [main] INFO  c.kvds.recovery.RecoveryManagerImpl - Starting recovery from WAL
23:21:13.409 [main] INFO  c.kvds.recovery.RecoveryManagerImpl - No entries to recover
]]></system-out>
  </testcase>
  <testcase name="testRecoverWithSpecialCharactersInValues" classname="com.kvds.recovery.RecoveryManagerImplTest" time="0.004">
    <system-out><![CDATA[23:21:13.411 [main] DEBUG com.kvds.storage.InMemoryStorage - InMemoryStorage initialized
23:21:13.413 [main] INFO  c.kvds.recovery.RecoveryManagerImpl - Starting recovery from WAL
23:21:13.413 [main] INFO  c.kvds.recovery.RecoveryManagerImpl - Recovery complete: 2 entries replayed out of 2
]]></system-out>
  </testcase>
</testsuite>