<?xml version="1.0" encoding="UTF-8"?>
<testsuite xmlns:xsi="http://www.w3.org/2001/XMLSchema-instance" xsi:noNamespaceSchemaLocation="https://maven.apache.org/surefire/maven-surefire-plugin/xsd/surefire-test-report-3.0.xsd" version="3.0" name="com.kvds.core.KeyValueStoreIntegrationTest" time="0.493" tests="11" errors="0" skipped="0" failures="0">
  <properties>
[...]
</properties>
  <testcase name="testRecoveryWithManyOperations" classname="com.kvds.core.KeyValueStoreIntegrationTest" time="0.328">
    <system-out><![CDATA[23:21:10.846 [main] INFO  com.kvds.wal.WriteAheadLogImpl - WriteAheadLog initialized: C:\Users\pratt\AppData\Local\Temp\junit14064209274886754531\test-wal.log
23:21:10.846 [main] DEBUG com.kvds.storage.InMemoryStorage - InMemoryStorage initialized
23:21:10.847 [main] INFO  c.kvds.recovery.RecoveryManagerImpl - Starting recovery from WAL
23:21:10.848 [main] DEBUG com.kvds.wal.WriteAheadLogImpl - Read 0 entries from WAL
23:21:10.848 [main] INFO  c.kvds.recovery.RecoveryManagerImpl - No entries to recover
23:21:10.848 [main] INFO  com.kvds.core.KeyValueStoreImpl - KeyValueStore initialized with WAL and recovery complete
23:21:10.865 [main] DEBUG com.kvds.core.KeyValueStoreImpl - PUT successful: key=key0
23:21:10.867 [main] DEBUG com.kvds.core.KeyValueStoreImpl - PUT successful: key=key1
23:21:10.870 [main] DEBUG com.kvds.core.KeyValueStoreImpl - PUT successful: key=key2
23:21:10.872 [main] DEBUG com.kvds.core.KeyValueStoreImpl - PUT successful: key=key3
23:21:10.873 [main] DEBUG com.kvds.core.KeyValueStoreImpl - PUT successful: key=key4
23:21:10.876 [main] DEBUG com.kvds.core.KeyValueStoreImpl - PUT successful: key=key5
23:21:10.878 [main] DEBUG com.kvds.core.KeyValueStoreImpl - PUT successful: key=key6
23:21:10.879 [main] DEBUG com.kvds.core.KeyValueStoreImpl - PUT successful: key=key7
23:21:10.881 [main] DEBUG com.kvds.core.KeyValueStoreImpl - PUT successful: key=key8
23:21:10.883 [main] DEBUG com.kvds.core.KeyValueStoreImpl - PUT successful: key=key9
23:21:10.884 [main] DEBUG com.kvds.core.KeyValueStoreImpl - PUT successful: key=key10
23:21:10.888 [main] DEBUG com.kvds.core.KeyValueStoreImpl - PUT successful: key=key11
23:21:10.890 [main] DEBUG com.kvds.core.KeyValueStoreImpl - PUT successful: key=key12
23:21:10.893 [main] DEBUG com.kvds.core.KeyValueStoreImpl - PUT successful: key=key13
23:21:10.894 [main] DEBUG com.kvds.core.KeyValueStoreImpl - PUT successful: key=key14
23:21:10.896 [main] DEBUG com.kvds.core.KeyValueStoreImpl - PUT successful: key=key15
23:21:10.898 [main] DEBUG com.kvds.core.KeyValueStoreImpl - PUT successful: key=key16
23:21:10.900 [main] DEBUG com.kvds.core.KeyValueStoreImpl - PUT successful: key=key17
23:21:10.902 [main] DEBUG com.kvds.core.KeyValueStoreImpl - PUT successful: key=key18
23:21:10.904 [main] DEBUG com.kvds.core.KeyValueStoreImpl - PUT successful: key=key19
23:21:10.906 [main] DEBUG com.kvds.core.KeyValueStoreImpl - PUT successful: key=key20
23:21:10.907 [main] DEBUG com.kvds.core.KeyValueStoreImpl - PUT successful: key=key21
23:21:10.908 [main] DEBUG com.kvds.core.KeyValueStoreImpl - PUT successful: key=key22
23:21:10.910 [main] DEBUG com.kvds.core.KeyValueStoreImpl - PUT successful: key=key23
23:21:10.911 [main] DEBUG com.kvds.core.KeyValueStoreImpl - PUT successful: key=key24
23:21:10.912 [main] DEBUG com.kvds.core.KeyValueStoreImpl - PUT successful: key=key25
23:21:10.913 [main] DEBUG com.kvds.core.KeyValueStoreImpl - PUT successful: key=key26
23:21:10.913 [main] DEBUG com.kvds.core.KeyValueStoreImpl - PUT successful: key=key27
23:21:10.915 [main] DEBUG com.kvds.core.KeyValueStoreImpl - PUT successful: key=key28
23:21:10.915 [main] DEBUG com.kvds.core.KeyValueStoreImpl - PUT successful: key=key29
23:21:10.917 [main] DEBUG com.kvds.core.KeyValueStoreImpl - PUT successful: key=key30
23:21:10.918 [main] DEBUG com.kvds.core.KeyValueStoreImpl - PUT successful: key=key31
23:21:10.919 [main] DEBUG com.kvds.core.KeyValueStoreImpl - PUT successful: key=key32
23:21:10.919 [main] DEBUG com.kvds.core.KeyValueStoreImpl - PUT successful: key=key33
23:21:10.920 [main] DEBUG com.kvds.core.KeyValueStoreImpl - PUT successful: key=key34
23:21:10.921 [main] DEBUG com.kvds.core.KeyValueStoreImpl - PUT successful: key=key35
23:21:10.922 [main] DEBUG com.kvds.core.KeyValueStoreImpl - PUT successful: key=key36
23:21:10.922 [main] DEBUG com.kvds.core.KeyValueStoreImpl - PUT successful: key=key37
23:21:10.923 [main] DEBUG com.kvds.core.KeyValueStoreImpl - PUT successful: key=key38
23:21:10.924 [main] DEBUG com.kvds.core.KeyValueStoreImpl - PUT successful: key=key39
23:21:10.925 [main] DEBUG com.kvds.core.KeyValueStoreImpl - PUT successful: key=key40
23:21:10.927 [main] DEBUG com.kvds.core.KeyValueStoreImpl - PUT successful: key=key41
23:21:10.927 [main] DEBUG com.kvds.core.KeyValueStoreImpl - PUT successful: key=key42
23:21:10.928 [main] DEBUG com.kvds.core.KeyValueStoreImpl - PUT successful: key=key43
23:21:10.929 [main] DEBUG com.kvds.core.KeyValueStoreImpl - PUT successful: key=key44
23:21:10.931 [main] DEBUG com.kvds.core.KeyValueStoreImpl - PUT successful: key=key45
23:21:10.932 [main] DEBUG com.kvds.core.KeyValueStoreImpl - PUT successful: key=key46
23:21:10.933 [main] DEBUG com.kvds.core.KeyValueStoreImpl - PUT successful: key=key47
23:21:10.934 [main] DEBUG com.kvds.core.KeyValueStoreImpl - PUT successful: key=key48
23:21:10.934 [main] DEBUG com.kvds.core.KeyValueStoreImpl - PUT successful: key=key49
23:21:10.935 [main] DEBUG com.kvds.core.KeyValueStoreImpl - PUT successful: key=key50
23:21:10.937 [main] DEBUG com.kvds.core.KeyValueStoreImpl - PUT successful: key=key51
23:21:10.937 [main] DEBUG com.kvds.core.KeyValueStoreImpl - PUT successful: key=key52
23:21:10.938 [main] DEBUG com.kvds.core.KeyValueStoreImpl - PUT successful: key=key53
23:21:10.939 [main] DEBUG com.kvds.core.KeyValueStoreImpl - PUT successful: key=key54
23:21:10.940 [main] DEBUG com.kvds.core.KeyValueStoreImpl - PUT successful: key=key55
23:21:10.942 [main] DEBUG com.kvds.core.KeyValueStoreImpl - PUT successful: key=key56
23:21:10.943 [main] DEBUG com.kvds.core.KeyValueStoreImpl - PUT successful: key=key57
23:21:10.944 [main] DEBUG com.kvds.core.KeyValueStoreImpl - PUT successful: key=key58
23:21:10.945 [main] DEBUG com.kvds.core.KeyValueStoreImpl - PUT successful: key=key59
23:21:10.947 [main] DEBUG com.kvds.core.KeyValueStoreImpl - PUT successful: key=key60
23:21:10.948 [main] DEBUG com.kvds.core.KeyValueStoreImpl - PUT successful: key=key61
23:21:10.949 [main] DEBUG com.kvds.core.KeyValueStoreImpl - PUT successful: key=key62
23:21:10.950 [main] DEBUG com.kvds.core.KeyValueStoreImpl - PUT successful: key=key63
23:21:10.951 [main] DEBUG com.kvds.core.KeyValueStoreImpl - PUT successful: key=key64
23:21:10.952 [main] DEBUG com.kvds.core.KeyValueStoreImpl - PUT successful: key=key65
23:21:10.953 [main] DEBUG com.kvds.core.KeyValueStoreImpl - PUT successful: key=key66
23:21:10.955 [main] DEBUG com.kvds.core.KeyValueStoreImpl - PUT successful: key=key67
23:21:10.956 [main] DEBUG com.kvds.core.KeyValueStoreImpl - PUT successful: key=key68
23:21:10.958 [main] DEBUG com.kvds.core.KeyValueStoreImpl - PUT successful: key=key69
23:21:10.960 [main] DEBUG com.kvds.core.KeyValueStoreImpl - PUT successful: key=key70
23:21:10.961 [main] DEBUG com.kvds.core.KeyValueStoreImpl - PUT successful: key=key71
23:21:10.962 [main] DEBUG com.kvds.core.KeyValueStoreImpl - PUT successful: key=key72
23:21:10.963 [main] DEBUG com.kvds.core.KeyValueStoreImpl - PUT successful: key=key73
23:21:10.965 [main] DEBUG com.kvds.core.KeyValueStoreImpl - PUT successful: key=key74
23:21:10.965 [main] DEBUG com.kvds.core.KeyValueStoreImpl - PUT successful: key=key75
23:21:10.967 [main] DEBUG com.kvds.core.KeyValueStoreImpl - PUT successful: key=key76
23:21:10.968 [main] DEBUG com.kvds.core.KeyValueStoreImpl - PUT successful: key=key77
23:21:10.969 [main] DEBUG com.kvds.core.KeyValueStoreImpl - PUT successful: key=key78
23:21:10.970 [main] DEBUG com.kvds.core.KeyValueStoreImpl - PUT successful: key=key79
23:21:10.971 [main] DEBUG com.kvds.core.KeyValueStoreImpl - PUT successful: key=key80
23:21:10.973 [main] DEBUG com.kvds.core.KeyValueStoreImpl - PUT successful: key=key81
23:21:10.975 [main] DEBUG com.kvds.core.KeyValueStoreImpl - PUT successful: key=key82
23:21:10.977 [main] DEBUG com.kvds.core.KeyValueStoreImpl - PUT successful: key=key83
23:21:10.978 [main] DEBUG com.kvds.core.KeyValueStoreImpl - PUT successful: key=key84
23:21:10.980 [main] DEBUG com.kvds.core.KeyValueStoreImpl - PUT successful: key=key85
23:21:10.982 [main] DEBUG com.kvds.core.KeyValueStoreImpl - PUT successful: key=key86
23:21:10.983 [main] DEBUG com.kvds.core.KeyValueStoreImpl - PUT successful: key=key87
23:21:10.985 [main] DEBUG com.kvds.core.KeyValueStoreImpl - PUT successful: key=key88
23:21:10.987 [main] DEBUG com.kvds.core.KeyValueStoreImpl - PUT successful: key=key89
23:21:10.988 [main] DEBUG com.kvds.core.KeyValueStoreImpl - PUT successful: key=key90
23:21:10.989 [main] DEBUG com.kvds.core.KeyValueStoreImpl - PUT successful: key=key91
23:21:10.990 [main] DEBUG com.kvds.core.KeyValueStoreImpl - PUT successful: key=key92
23:21:10.991 [main] DEBUG com.kvds.core.KeyValueStoreImpl - PUT successful: key=key93
23:21:10.993 [main] DEBUG com.kvds.core.KeyValueStoreImpl - PUT successful: key=key94
23:21:10.995 [main] DEBUG com.kvds.core.KeyValueStoreImpl - PUT successful: key=key95
23:21:10.996 [main] DEBUG com.kvds.core.KeyValueStoreImpl - PUT successful: key=key96
23:21:10.997 [main] DEBUG com.kvds.core.KeyValueStoreImpl - PUT successful: key=key97
23:21:10.998 [main] DEBUG com.kvds.core.KeyValueStoreImpl - PUT successful: key=key98
23:21:11.000 [main] DEBUG com.kvds.core.KeyValueStoreImpl - PUT successful: key=key99
23:21:11.001 [main] DEBUG com.kvds.core.KeyValueStoreImpl - DELETE successful: key=key0
23:21:11.002 [main] DEBUG com.kvds.core.KeyValueStoreImpl - DELETE successful: key=key2
23:21:11.004 [main] DEBUG com.kvds.core.KeyValueStoreImpl - DELETE successful: key=key4
23:21:11.004 [main] DEBUG com.kvds.core.KeyValueStoreImpl - DELETE successful: key=key6
23:21:11.005 [main] DEBUG com.kvds.core.KeyValueStoreImpl - DELETE successful: key=key8
23:21:11.007 [main] DEBUG com.kvds.core.KeyValueStoreImpl - DELETE successful: key=key10
23:21:11.008 [main] DEBUG com.kvds.core.KeyValueStoreImpl - DELETE successful: key=key12
23:21:11.009 [main] DEBUG com.kvds.core.KeyValueStoreImpl - DELETE successful: key=key14
23:21:11.010 [main] DEBUG com.kvds.core.KeyValueStoreImpl - DELETE successful: key=key16
23:21:11.011 [main] DEBUG com.kvds.core.KeyValueStoreImpl - DELETE successful: key=key18
23:21:11.011 [main] DEBUG com.kvds.core.KeyValueStoreImpl - DELETE successful: key=key20
23:21:11.012 [main] DEBUG com.kvds.core.KeyValueStoreImpl - DELETE successful: key=key22
23:21:11.013 [main] DEBUG com.kvds.core.KeyValueStoreImpl - DELETE successful: key=key24
23:21:11.013 [main] DEBUG com.kvds.core.KeyValueStoreImpl - DELETE successful: key=key26
23:21:11.015 [main] DEBUG com.kvds.core.KeyValueStoreImpl - DELETE successful: key=key28
23:21:11.016 [main] DEBUG com.kvds.core.KeyValueStoreImpl - DELETE successful: key=key30
23:21:11.018 [main] DEBUG com.kvds.core.KeyValueStoreImpl - DELETE successful: key=key32
23:21:11.019 [main] DEBUG com.kvds.core.KeyValueStoreImpl - DELETE successful: key=key34
23:21:11.020 [main] DEBUG com.kvds.core.KeyValueStoreImpl - DELETE successful: key=key36
23:21:11.020 [main] DEBUG com.kvds.core.KeyValueStoreImpl - DELETE successful: key=key38
23:21:11.021 [main] DEBUG com.kvds.core.KeyValueStoreImpl - DELETE successful: key=key40
23:21:11.022 [main] DEBUG com.kvds.core.KeyValueStoreImpl - DELETE successful: key=key42
23:21:11.023 [main] DEBUG com.kvds.core.KeyValueStoreImpl - DELETE successful: key=key44
23:21:11.025 [main] DEBUG com.kvds.core.KeyValueStoreImpl - DELETE successful: key=key46
23:21:11.027 [main] DEBUG com.kvds.core.KeyValueStoreImpl - DELETE successful: key=key48
23:21:11.029 [main] DEBUG com.kvds.core.KeyValueStoreImpl - DELETE successful: key=key50
23:21:11.030 [main] DEBUG com.kvds.core.KeyValueStoreImpl - DELETE successful: key=key52
23:21:11.031 [main] DEBUG com.kvds.core.KeyValueStoreImpl - DELETE successful: key=key54
23:21:11.035 [main] DEBUG com.kvds.core.KeyValueStoreImpl - DELETE successful: key=key56
23:21:11.037 [main] DEBUG com.kvds.core.KeyValueStoreImpl - DELETE successful: key=key58
23:21:11.038 [main] DEBUG com.kvds.core.KeyValueStoreImpl - DELETE successful: key=key60
23:21:11.039 [main] DEBUG com.kvds.core.KeyValueStoreImpl - DELETE successful: key=key62
23:21:11.041 [main] DEBUG com.kvds.core.KeyValueStoreImpl - DELETE successful: key=key64
23:21:11.042 [main] DEBUG com.kvds.core.KeyValueStoreImpl - DELETE successful: key=key66
23:21:11.044 [main] DEBUG com.kvds.core.KeyValueStoreImpl - DELETE successful: key=key68
23:21:11.045 [main] DEBUG com.kvds.core.KeyValueStoreImpl - DELETE successful: key=key70
23:21:11.046 [main] DEBUG com.kvds.core.KeyValueStoreImpl - DELETE successful: key=key72
23:21:11.048 [main] DEBUG com.kvds.core.KeyValueStoreImpl - DELETE successful: key=key74
23:21:11.048 [main] DEBUG com.kvds.core.KeyValueStoreImpl - DELETE successful: key=key76
23:21:11.051 [main] DEBUG com.kvds.core.KeyValueStoreImpl - DELETE successful: key=key78
23:21:11.051 [main] DEBUG com.kvds.core.KeyValueStoreImpl - DELETE successful: key=key80
23:21:11.053 [main] DEBUG com.kvds.core.KeyValueStoreImpl - DELETE successful: key=key82
23:21:11.054 [main] DEBUG com.kvds.core.KeyValueStoreImpl - DELETE successful: key=key84
23:21:11.056 [main] DEBUG com.kvds.core.KeyValueStoreImpl - DELETE successful: key=key86
23:21:11.057 [main] DEBUG com.kvds.core.KeyValueStoreImpl - DELETE successful: key=key88
23:21:11.058 [main] DEBUG com.kvds.core.KeyValueStoreImpl - DELETE successful: key=key90
23:21:11.060 [main] DEBUG com.kvds.core.KeyValueStoreImpl - DELETE successful: key=key92
23:21:11.061 [main] DEBUG com.kvds.core.KeyValueStoreImpl - DELETE successful: key=key94
23:21:11.062 [main] DEBUG com.kvds.core.KeyValueStoreImpl - DELETE successful: key=key96
23:21:11.063 [main] DEBUG com.kvds.core.KeyValueStoreImpl - DELETE successful: key=key98
23:21:11.063 [main] INFO  com.kvds.wal.WriteAheadLogImpl - WAL closed: C:\Users\pratt\AppData\Local\Temp\junit14064209274886754531\test-wal.log
23:21:11.063 [main] INFO  com.kvds.core.KeyValueStoreImpl - KeyValueStore closed
23:21:11.065 [main] INFO  com.kvds.wal.WriteAheadLogImpl - WriteAheadLog initialized: C:\Users\pratt\AppData\Local\Temp\junit14064209274886754531\test-wal.log
23:21:11.065 [main] DEBUG com.kvds.storage.InMemoryStorage - InMemoryStorage initialized
23:21:11.065 [main] INFO  c.kvds.recovery.RecoveryManagerImpl - Starting recovery from WAL
23:21:11.066 [main] DEBUG com.kvds.wal.WriteAheadLogImpl - Read 150 entries from WAL
23:21:11.066 [main] INFO  c.kvds.recovery.RecoveryManagerImpl - Recovery complete: 150 entries replayed out of 150
23:21:11.066 [main] INFO  com.kvds.core.KeyValueStoreImpl - KeyValueStore initialized with WAL and recovery complete
23:21:11.067 [main] DEBUG com.kvds.core.KeyValueStoreImpl - GET: key=key0, found=false
23:21:11.067 [main] DEBUG com.kvds.core.KeyValueStoreImpl - GET: key=key1, found=true
23:21:11.067 [main] DEBUG com.kvds.core.KeyValueStoreImpl - GET: key=key2, found=false
23:21:11.067 [main] DEBUG com.kvds.core.KeyValueStoreImpl - GET: key=key3, found=true
23:21:11.067 [main] DEBUG com.kvds.core.KeyValueStoreImpl - GET: key=key4, found=false
23:21:11.067 [main] DEBUG com.kvds.core.KeyValueStoreImpl - GET: key=key5, found=true
23:21:11.067 [main] DEBUG com.kvds.core.KeyValueStoreImpl - GET: key=key6, found=false
23:21:11.067 [main] DEBUG com.kvds.core.KeyValueStoreImpl - GET: key=key7, found=true
23:21:11.067 [main] DEBUG com.kvds.core.KeyValueStoreImpl - GET: key=key8, found=false
23:21:11.067 [main] DEBUG com.kvds.core.KeyValueStoreImpl - GET: key=key9, found=true
23:21:11.067 [main] DEBUG com.kvds.core.KeyValueStoreImpl - GET: key=key10, found=false
23:21:11.067 [main] DEBUG com.kvds.core.KeyValueStoreImpl - GET: key=key11, found=true
23:21:11.067 [main] DEBUG com.kvds.core.KeyValueStoreImpl - GET: key=key12, found=false
23:21:11.067 [main] DEBUG com.kvds.core.KeyValueStoreImpl - GET: key=key13, found=true
23:21:11.067 [main] DEBUG com.kvds.core.KeyValueStoreImpl - GET: key=key14, found=false
23:21:11.069 [main] DEBUG com.kvds.core.KeyValueStoreImpl - GET: key=key15, found=true
23:21:11.069 [main] DEBUG com.kvds.core.KeyValueStoreImpl - GET: key=key16, found=false
23:21:11.069 [main] DEBUG com.kvds.core.KeyValueStoreImpl - GET: key=key17, found=true
23:21:11.069 [main] DEBUG com.kvds.core.KeyValueStoreImpl - GET: key=key18, found=false
23:21:11.069 [main] DEBUG com.kvds.core.KeyValueStoreImpl - GET: key=key19, found=true
23:21:11.069 [main] DEBUG com.kvds.core.KeyValueStoreImpl - GET: key=key20, found=false
23:21:11.069 [main] DEBUG com.kvds.core.KeyValueStoreImpl - GET: key=key21, found=true
23:21:11.069 [main] DEBUG com.kvds.core.KeyValueStoreImpl - GET: key=key22, found=false
23:21:11.069 [main] DEBUG com.kvds.core.KeyValueStoreImpl - GET: key=key23, found=true
23:21:11.069 [main] DEBUG com.kvds.core.KeyValueStoreImpl - GET: key=key24, found=false
23:21:11.069 [main] DEBUG com.kvds.core.KeyValueStoreImpl - GET: key=key25, found=true
23:21:11.069 [main] DEBUG com.kvds.core.KeyValueStoreImpl - GET: key=key26, found=false
23:21:11.069 [main] DEBUG com.kvds.core.KeyValueStoreImpl - GET: key=key27, found=true
23:21:11.069 [main] DEBUG com.kvds.core.KeyValueStoreImpl - GET: key=key28, found=false
23:21:11.069 [main] DEBUG com.kvds.core.KeyValueStoreImpl - GET: key=key29, found=true
23:21:11.069 [main] DEBUG com.kvds.core.KeyValueStoreImpl - GET: key=key30, found=false
23:21:11.070 [main] DEBUG com.kvds.core.KeyValueStoreImpl - GET: key=key31, found=true
23:21:11.070 [main] DEBUG com.kvds.core.KeyValueStoreImpl - GET: key=key32, found=false
23:21:11.070 [main] DEBUG com.kvds.core.KeyValueStoreImpl - GET: key=key33, found=true
23:21:11.070 [main] DEBUG com.kvds.core.KeyValueStoreImpl - GET: key=key34, found=false
23:21:11.070 [main] DEBUG com.kvds.core.KeyValueStoreImpl - GET: key=key35, found=true
23:21:11.070 [main] DEBUG com.kvds.core.KeyValueStoreImpl - GET: key=key36, found=false
23:21:11.070 [main] DEBUG com.kvds.core.KeyValueStoreImpl - GET: key=key37, found=true
23:21:11.070 [main] DEBUG com.kvds.core.KeyValueStoreImpl - GET: key=key38, found=false
23:21:11.070 [main] DEBUG com.kvds.core.KeyValueStoreImpl - GET: key=key39, found=true
23:21:11.070 [main] DEBUG com.kvds.core.KeyValueStoreImpl - GET: key=key40, found=false
23:21:11.070 [main] DEBUG com.kvds.core.KeyValueStoreImpl - GET: key=key41, found=true
23:21:11.070 [main] DEBUG com.kvds.core.KeyValueStoreImpl - GET: key=key42, found=false
23:21:11.070 [main] DEBUG com.kvds.core.KeyValueStoreImpl - GET: key=key43, found=true
23:21:11.070 [main] DEBUG com.kvds.core.KeyValueStoreImpl - GET: key=key44, found=false
23:21:11.070 [main] DEBUG com.kvds.core.KeyValueStoreImpl - GET: key=key45, found=true
23:21:11.070 [main] DEBUG com.kvds.core.KeyValueStoreImpl - GET: key=key46, found=false
23:21:11.070 [main] DEBUG com.kvds.core.KeyValueStoreImpl - GET: key=key47, found=true
23:21:11.070 [main] DEBUG com.kvds.core.KeyValueStoreImpl - GET: key=key48, found=false
23:21:11.070 [main] DEBUG com.kvds.core.KeyValueStoreImpl - GET: key=key49, found=true
23:21:11.070 [main] DEBUG com.kvds.core.KeyValueStoreImpl - GET: key=key50, found=false
23:21:11.070 [main] DEBUG com.kvds.core.KeyValueStoreImpl - GET: key=key51, found=true
23:21:11.070 [main] DEBUG com.kvds.core.KeyValueStoreImpl - GET: key=key52, found=false
23:21:11.070 [main] DEBUG com.kvds.core.KeyValueStoreImpl - GET: key=key53, found=true
23:21:11.071 [main] DEBUG com.kvds.core.KeyValueStoreImpl - GET: key=key54, found=false
23:21:11.071 [main] DEBUG com.kvds.core.KeyValueStoreImpl - GET: key=key55, found=true
23:21:11.071 [main] DEBUG com.kvds.core.KeyValueStoreImpl - GET: key=key56, found=false
23:21:11.071 [main] DEBUG com.kvds.core.KeyValueStoreImpl - GET: key=key57, found=true
23:21:11.071 [main] DEBUG com.kvds.core.KeyValueStoreImpl - GET: key=key58, found=false
23:21:11.071 [main] DEBUG com.kvds.core.KeyValueStoreImpl - GET: key=key59, found=true
23:21:11.071 [main] DEBUG com.kvds.core.KeyValueStoreImpl - GET: key=key60, found=false
23:21:11.071 [main] DEBUG com.kvds.core.KeyValueStoreImpl - GET: key=key61, found=true
23:21:11.071 [main] DEBUG com.kvds.core.KeyValueStoreImpl - GET: key=key62, found=false
23:21:11.071 [main] DEBUG com.kvds.core.KeyValueStoreImpl - GET: key=key63, found=true
23:21:11.071 [main] DEBUG com.kvds.core.KeyValueStoreImpl - GET: key=key64, found=false
23:21:11.071 [main] DEBUG com.kvds.core.KeyValueStoreImpl - GET: key=key65, found=true
23:21:11.071 [main] DEBUG com.kvds.core.KeyValueStoreImpl - GET: key=key66, found=false
23:21:11.071 [main] DEBUG com.kvds.core.KeyValueStoreImpl - GET: key=key67, found=true
23:21:11.071 [main] DEBUG com.kvds.core.KeyValueStoreImpl - GET: key=key68, found=false
23:21:11.071 [main] DEBUG com.kvds.core.KeyValueStoreImpl - GET: key=key69, found=true
23:21:11.071 [main] DEBUG com.kvds.core.KeyValueStoreImpl - GET: key=key70, found=false
23:21:11.071 [main] DEBUG com.kvds.core.KeyValueStoreImpl - GET: key=key71, found=true
23:21:11.071 [main] DEBUG com.kvds.core.KeyValueStoreImpl - GET: key=key72, found=false
23:21:11.071 [main] DEBUG com.kvds.core.KeyValueStoreImpl - GET: key=key73, found=true
23:21:11.071 [main] DEBUG com.kvds.core.KeyValueStoreImpl - GET: key=key74, found=false
23:21:11.072 [main] DEBUG com.kvds.core.KeyValueStoreImpl - GET: key=key75, found=true
23:21:11.072 [main] DEBUG com.kvds.core.KeyValueStoreImpl - GET: key=key76, found=false
23:21:11.072 [main] DEBUG com.kvds.core.KeyValueStoreImpl - GET: key=key77, found=true
23:21:11.072 [main] DEBUG com.kvds.core.KeyValueStoreImpl - GET: key=key78, found=false
23:21:11.072 [main] DEBUG com.kvds.core.KeyValueStoreImpl - GET: key=key79, found=true
23:21:11.072 [main] DEBUG com.kvds.core.KeyValueStoreImpl - GET: key=key80, found=false
23:21:11.072 [main] DEBUG com.kvds.core.KeyValueStoreImpl - GET: key=key81, found=true
23:21:11.072 [main] DEBUG com.kvds.core.KeyValueStoreImpl - GET: key=key82, found=false
23:21:11.072 [main] DEBUG com.kvds.core.KeyValueStoreImpl - GET: key=key83, found=true
23:21:11.072 [main] DEBUG com.kvds.core.KeyValueStoreImpl - GET: key=key84, found=false
23:21:11.072 [main] DEBUG com.kvds.core.KeyValueStoreImpl - GET: key=key85, found=true
23:21:11.072 [main] DEBUG com.kvds.core.KeyValueStoreImpl - GET: key=key86, found=false
23:21:11.072 [main] DEBUG com.kvds.core.KeyValueStoreImpl - GET: key=key87, found=true
23:21:11.072 [main] DEBUG com.kvds.core.KeyValueStoreImpl - GET: key=key88, found=false
23:21:11.072 [main] DEBUG com.kvds.core.KeyValueStoreImpl - GET: key=key89, found=true
23:21:11.072 [main] DEBUG com.kvds.core.KeyValueStoreImpl - GET: key=key90, found=false
23:21:11.072 [main] DEBUG com.kvds.core.KeyValueStoreImpl - GET: key=key91, found=true
23:21:11.072 [main] DEBUG com.kvds.core.KeyValueStoreImpl - GET: key=key92, found=false
23:21:11.072 [main] DEBUG com.kvds.core.KeyValueStoreImpl - GET: key=key93, found=true
23:21:11.072 [main] DEBUG com.kvds.core.KeyValueStoreImpl - GET: key=key94, found=false
23:21:11.072 [main] DEBUG com.kvds.core.KeyValueStoreImpl - GET: key=key95, found=true
23:21:11.072 [main] DEBUG com.kvds.core.KeyValueStoreImpl - GET: key=key96, found=false
23:21:11.072 [main] DEBUG com.kvds.core.KeyValueStoreImpl - GET: key=key97, found=true
23:21:11.072 [main] DEBUG com.kvds.core.KeyValueStoreImpl - GET: key=key98, found=false
23:21:11.072 [main] DEBUG com.kvds.core.KeyValueStoreImpl - GET: key=key99, found=true
23:21:11.072 [main] INFO  com.kvds.wal.WriteAheadLogImpl - WAL closed: C:\Users\pratt\AppData\Local\Temp\junit14064209274886754531\test-wal.log
23:21:11.072 [main] INFO  com.kvds.core.KeyValueStoreImpl - KeyValueStore closed
23:21:11.075 [main] INFO  com.kvds.wal.WriteAheadLogImpl - WAL closed: C:\Users\pratt\AppData\Local\Temp\junit14064209274886754531\test-wal.log
23:21:11.075 [main] INFO  com.kvds.core.KeyValueStoreImpl - KeyValueStore closed
]]></system-out>
  </testcase>
  <testcase name="testRecoveryWithOverwrites" classname="com.kvds.core.KeyValueStoreIntegrationTest" time="0.016">
    <system-out><![CDATA[23:21:11.092 [main] INFO  com.kvds.wal.WriteAheadLogImpl - WriteAheadLog initialized: C:\Users\pratt\AppData\Local\Temp\junit18051984573980981381\test-wal.log
23:21:11.092 [main] DEBUG com.kvds.storage.InMemoryStorage - InMemoryStorage initialized
23:21:11.092 [main] INFO  c.kvds.recovery.RecoveryManagerImpl - Starting recovery from WAL
23:21:11.092 [main] DEBUG com.kvds.wal.WriteAheadLogImpl - Read 0 entries from WAL
23:21:11.092 [main] INFO  c.kvds.recovery.RecoveryManagerImpl - No entries to recover
23:21:11.092 [main] INFO  com.kvds.core.KeyValueStoreImpl - KeyValueStore initialized with WAL and recovery complete
23:21:11.096 [main] DEBUG com.kvds.core.KeyValueStoreImpl - PUT successful: key=key1
23:21:11.098 [main] DEBUG com.kvds.core.KeyValueStoreImpl - PUT successful: key=key1
23:21:11.100 [main] DEBUG com.kvds.core.KeyValueStoreImpl - PUT successful: key=key1
23:21:11.100 [main] INFO  com.kvds.wal.WriteAheadLogImpl - WAL closed: C:\Users\pratt\AppData\Local\Temp\junit18051984573980981381\test-wal.log
23:21:11.100 [main] INFO  com.kvds.core.KeyValueStoreImpl - KeyValueStore closed
23:21:11.101 [main] INFO  com.kvds.wal.WriteAheadLogImpl - WriteAheadLog initialized: C:\Users\pratt\AppData\Local\Temp\junit18051984573980981381\test-wal.log
23:21:11.101 [main] DEBUG com.kvds.storage.InMemoryStorage - InMemoryStorage initialized
23:21:11.101 [main] INFO  c.kvds.recovery.RecoveryManagerImpl - Starting recovery from WAL
23:21:11.102 [main] DEBUG com.kvds.wal.WriteAheadLogImpl - Read 3 entries from WAL
23:21:11.102 [main] INFO  c.kvds.recovery.RecoveryManagerImpl - Recovery complete: 3 entries replayed out of 3
23:21:11.102 [main] INFO  com.kvds.core.KeyValueStoreImpl - KeyValueStore initialized with WAL and recovery complete
23:21:11.102 [main] DEBUG com.kvds.core.KeyValueStoreImpl - GET: key=key1, found=true
23:21:11.102 [main] INFO  com.kvds.wal.WriteAheadLogImpl - WAL closed: C:\Users\pratt\AppData\Local\Temp\junit18051984573980981381\test-wal.log
23:21:11.102 [main] INFO  com.kvds.core.KeyValueStoreImpl - KeyValueStore closed
23:21:11.103 [main] INFO  com.kvds.wal.WriteAheadLogImpl - WAL closed: C:\Users\pratt\AppData\Local\Temp\junit18051984573980981381\test-wal.log
23:21:11.103 [main] INFO  com.kvds.core.KeyValueStoreImpl - KeyValueStore closed
]]></system-out>
  </testcase>
  <testcase name="testCreateStoreWithNullStorage" classname="com.kvds.core.KeyValueStoreIntegrationTest" time="0.006">
    <system-out><![CDATA[23:21:11.107 [main] INFO  com.kvds.wal.WriteAheadLogImpl - WriteAheadLog initialized: C:\Users\pratt\AppData\Local\Temp\junit10878113413117927670\test-wal.log
23:21:11.108 [main] DEBUG com.kvds.storage.InMemoryStorage - InMemoryStorage initialized
23:21:11.108 [main] INFO  c.kvds.recovery.RecoveryManagerImpl - Starting recovery from WAL
23:21:11.108 [main] DEBUG com.kvds.wal.WriteAheadLogImpl - Read 0 entries from WAL
23:21:11.108 [main] INFO  c.kvds.recovery.RecoveryManagerImpl - No entries to recover
23:21:11.108 [main] INFO  com.kvds.core.KeyValueStoreImpl - KeyValueStore initialized with WAL and recovery complete
23:21:11.109 [main] INFO  com.kvds.wal.WriteAheadLogImpl - WriteAheadLog initialized: C:\Users\pratt\AppData\Local\Temp\junit10878113413117927670\test-wal.log
23:21:11.109 [main] INFO  com.kvds.wal.WriteAheadLogImpl - WAL closed: C:\Users\pratt\AppData\Local\Temp\junit10878113413117927670\test-wal.log
23:21:11.110 [main] INFO  com.kvds.wal.WriteAheadLogImpl - WAL closed: C:\Users\pratt\AppData\Local\Temp\junit10878113413117927670\test-wal.log
23:21:11.110 [main] INFO  com.kvds.core.KeyValueStoreImpl - KeyValueStore closed
]]></system-out>
  </testcase>
  <testcase name="testRecoveryWithSpecialCharacters" classname="com.kvds.core.KeyValueStoreIntegrationTest" time="0.014">
    <system-out><![CDATA[23:21:11.113 [main] INFO  com.kvds.wal.WriteAheadLogImpl - WriteAheadLog initialized: C:\Users\pratt\AppData\Local\Temp\junit5028512166849329409\test-wal.log
23:21:11.115 [main] DEBUG com.kvds.storage.InMemoryStorage - InMemoryStorage initialized
23:21:11.115 [main] INFO  c.kvds.recovery.RecoveryManagerImpl - Starting recovery from WAL
23:21:11.115 [main] DEBUG com.kvds.wal.WriteAheadLogImpl - Read 0 entries from WAL
23:21:11.115 [main] INFO  c.kvds.recovery.RecoveryManagerImpl - No entries to recover
23:21:11.115 [main] INFO  com.kvds.core.KeyValueStoreImpl - KeyValueStore initialized with WAL and recovery complete
23:21:11.116 [main] DEBUG com.kvds.core.KeyValueStoreImpl - PUT successful: key=key1
23:21:11.120 [main] DEBUG com.kvds.core.KeyValueStoreImpl - PUT successful: key=key2
23:21:11.122 [main] DEBUG com.kvds.core.KeyValueStoreImpl - PUT successful: key=key3
23:21:11.122 [main] INFO  com.kvds.wal.WriteAheadLogImpl - WAL closed: C:\Users\pratt\AppData\Local\Temp\junit5028512166849329409\test-wal.log
23:21:11.122 [main] INFO  com.kvds.core.KeyValueStoreImpl - KeyValueStore closed
23:21:11.122 [main] INFO  com.kvds.wal.WriteAheadLogImpl - WriteAheadLog initialized: C:\Users\pratt\AppData\Local\Temp\junit5028512166849329409\test-wal.log
23:21:11.122 [main] DEBUG com.kvds.storage.InMemoryStorage - InMemoryStorage initialized
23:21:11.122 [main] INFO  c.kvds.recovery.RecoveryManagerImpl - Starting recovery from WAL
23:21:11.123 [main] DEBUG com.kvds.wal.WriteAheadLogImpl - Read 3 entries from WAL
23:21:11.123 [main] INFO  c.kvds.recovery.RecoveryManagerImpl - Recovery complete: 3 entries replayed out of 3
23:21:11.123 [main] INFO  com.kvds.core.KeyValueStoreImpl - KeyValueStore initialized with WAL and recovery complete
23:21:11.123 [main] DEBUG com.kvds.core.KeyValueStoreImpl - GET: key=key1, found=true
23:21:11.123 [main] DEBUG com.kvds.core.KeyValueStoreImpl - GET: key=key2, found=true
23:21:11.123 [main] DEBUG com.kvds.core.KeyValueStoreImpl - GET: key=key3, found=true
23:21:11.124 [main] INFO  com.kvds.wal.WriteAheadLogImpl - WAL closed: C:\Users\pratt\AppData\Local\Temp\junit5028512166849329409\test-wal.log
23:21:11.124 [main] INFO  com.kvds.core.KeyValueStoreImpl - KeyValueStore closed
23:21:11.124 [main] INFO  com.kvds.wal.WriteAheadLogImpl - WAL closed: C:\Users\pratt\AppData\Local\Temp\junit5028512166849329409\test-wal.log
23:21:11.124 [main] INFO  com.kvds.core.KeyValueStoreImpl - KeyValueStore closed
]]></system-out>
  </testcase>
  <testcase name="testCreateStoreWithNullWAL" classname="com.kvds.core.KeyValueStoreIntegrationTest" time="0.005">
    <system-out><![CDATA[23:21:11.129 [main] INFO  com.kvds.wal.WriteAheadLogImpl - WriteAheadLog initialized: C:\Users\pratt\AppData\Local\Temp\junit18275367581401593073\test-wal.log
23:21:11.129 [main] DEBUG com.kvds.storage.InMemoryStorage - InMemoryStorage initialized
23:21:11.129 [main] INFO  c.kvds.recovery.RecoveryManagerImpl - Starting recovery from WAL
23:21:11.130 [main] DEBUG com.kvds.wal.WriteAheadLogImpl - Read 0 entries from WAL
23:21:11.130 [main] INFO  c.kvds.recovery.RecoveryManagerImpl - No entries to recover
23:21:11.130 [main] INFO  com.kvds.core.KeyValueStoreImpl - KeyValueStore initialized with WAL and recovery complete
23:21:11.131 [main] INFO  com.kvds.wal.WriteAheadLogImpl - WAL closed: C:\Users\pratt\AppData\Local\Temp\junit18275367581401593073\test-wal.log
23:21:11.131 [main] INFO  com.kvds.core.KeyValueStoreImpl - KeyValueStore closed
]]></system-out>
  </testcase>
  <testcase name="testRecoveryAfterCrash" classname="com.kvds.core.KeyValueStoreIntegrationTest" time="0.015">
    <system-out><![CDATA[23:21:11.136 [main] INFO  com.kvds.wal.WriteAheadLogImpl - WriteAheadLog initialized: C:\Users\pratt\AppData\Local\Temp\junit14678559905667244465\test-wal.log
23:21:11.137 [main] DEBUG com.kvds.storage.InMemoryStorage - InMemoryStorage initialized
23:21:11.137 [main] INFO  c.kvds.recovery.RecoveryManagerImpl - Starting recovery from WAL
23:21:11.137 [main] DEBUG com.kvds.wal.WriteAheadLogImpl - Read 0 entries from WAL
23:21:11.137 [main] INFO  c.kvds.recovery.RecoveryManagerImpl - No entries to recover
23:21:11.137 [main] INFO  com.kvds.core.KeyValueStoreImpl - KeyValueStore initialized with WAL and recovery complete
23:21:11.139 [main] DEBUG com.kvds.core.KeyValueStoreImpl - PUT successful: key=key1
23:21:11.143 [main] DEBUG com.kvds.core.KeyValueStoreImpl - PUT successful: key=key2
23:21:11.145 [main] DEBUG com.kvds.core.KeyValueStoreImpl - PUT successful: key=key3
23:21:11.145 [main] DEBUG com.kvds.core.KeyValueStoreImpl - GET: key=key1, found=true
23:21:11.145 [main] DEBUG com.kvds.core.KeyValueStoreImpl - GET: key=key2, found=true
23:21:11.145 [main] DEBUG com.kvds.core.KeyValueStoreImpl - GET: key=key3, found=true
23:21:11.146 [main] INFO  com.kvds.wal.WriteAheadLogImpl - WAL closed: C:\Users\pratt\AppData\Local\Temp\junit14678559905667244465\test-wal.log
23:21:11.146 [main] INFO  com.kvds.core.KeyValueStoreImpl - KeyValueStore closed
23:21:11.146 [main] INFO  com.kvds.wal.WriteAheadLogImpl - WriteAheadLog initialized: C:\Users\pratt\AppData\Local\Temp\junit14678559905667244465\test-wal.log
23:21:11.146 [main] DEBUG com.kvds.storage.InMemoryStorage - InMemoryStorage initialized
23:21:11.146 [main] INFO  c.kvds.recovery.RecoveryManagerImpl - Starting recovery from WAL
23:21:11.147 [main] DEBUG com.kvds.wal.WriteAheadLogImpl - Read 3 entries from WAL
23:21:11.147 [main] INFO  c.kvds.recovery.RecoveryManagerImpl - Recovery complete: 3 entries replayed out of 3
23:21:11.147 [main] INFO  com.kvds.core.KeyValueStoreImpl - KeyValueStore initialized with WAL and recovery complete
23:21:11.147 [main] DEBUG com.kvds.core.KeyValueStoreImpl - GET: key=key1, found=true
23:21:11.147 [main] DEBUG com.kvds.core.KeyValueStoreImpl - GET: key=key2, found=true
23:21:11.147 [main] DEBUG com.kvds.core.KeyValueStoreImpl - GET: key=key3, found=true
23:21:11.147 [main] INFO  com.kvds.wal.WriteAheadLogImpl - WAL closed: C:\Users\pratt\AppData\Local\Temp\junit14678559905667244465\test-wal.log
23:21:11.147 [main] INFO  com.kvds.core.KeyValueStoreImpl - KeyValueStore closed
23:21:11.148 [main] INFO  com.kvds.wal.WriteAheadLogImpl - WAL closed: C:\Users\pratt\AppData\Local\Temp\junit14678559905667244465\test-wal.log
23:21:11.148 [main] INFO  com.kvds.core.KeyValueStoreImpl - KeyValueStore closed
]]></system-out>
  </testcase>
  <testcase name="testMultipleCrashRecoveryCycles" classname="com.kvds.core.KeyValueStoreIntegrationTest" time="0.032">
    <system-out><![CDATA[23:21:11.153 [main] INFO  com.kvds.wal.WriteAheadLogImpl - WriteAheadLog initialized: C:\Users\pratt\AppData\Local\Temp\junit2575910694937899710\test-wal.log
23:21:11.153 [main] DEBUG com.kvds.storage.InMemoryStorage - InMemoryStorage initialized
23:21:11.153 [main] INFO  c.kvds.recovery.RecoveryManagerImpl - Starting recovery from WAL
23:21:11.153 [main] DEBUG com.kvds.wal.WriteAheadLogImpl - Read 0 entries from WAL
23:21:11.153 [main] INFO  c.kvds.recovery.RecoveryManagerImpl - No entries to recover
23:21:11.153 [main] INFO  com.kvds.core.KeyValueStoreImpl - KeyValueStore initialized with WAL and recovery complete
23:21:11.171 [main] DEBUG com.kvds.core.KeyValueStoreImpl - PUT successful: key=key1
23:21:11.171 [main] INFO  com.kvds.wal.WriteAheadLogImpl - WAL closed: C:\Users\pratt\AppData\Local\Temp\junit2575910694937899710\test-wal.log
23:21:11.171 [main] INFO  com.kvds.core.KeyValueStoreImpl - KeyValueStore closed
23:21:11.172 [main] INFO  com.kvds.wal.WriteAheadLogImpl - WriteAheadLog initialized: C:\Users\pratt\AppData\Local\Temp\junit2575910694937899710\test-wal.log
23:21:11.172 [main] DEBUG com.kvds.storage.InMemoryStorage - InMemoryStorage initialized
23:21:11.172 [main] INFO  c.kvds.recovery.RecoveryManagerImpl - Starting recovery from WAL
23:21:11.172 [main] DEBUG com.kvds.wal.WriteAheadLogImpl - Read 1 entries from WAL
23:21:11.172 [main] INFO  c.kvds.recovery.RecoveryManagerImpl - Recovery complete: 1 entries replayed out of 1
23:21:11.172 [main] INFO  com.kvds.core.KeyValueStoreImpl - KeyValueStore initialized with WAL and recovery complete
23:21:11.172 [main] DEBUG com.kvds.core.KeyValueStoreImpl - GET: key=key1, found=true
23:21:11.175 [main] DEBUG com.kvds.core.KeyValueStoreImpl - PUT successful: key=key2
23:21:11.175 [main] INFO  com.kvds.wal.WriteAheadLogImpl - WAL closed: C:\Users\pratt\AppData\Local\Temp\junit2575910694937899710\test-wal.log
23:21:11.175 [main] INFO  com.kvds.core.KeyValueStoreImpl - KeyValueStore closed
23:21:11.175 [main] INFO  com.kvds.wal.WriteAheadLogImpl - WriteAheadLog initialized: C:\Users\pratt\AppData\Local\Temp\junit2575910694937899710\test-wal.log
23:21:11.175 [main] DEBUG com.kvds.storage.InMemoryStorage - InMemoryStorage initialized
23:21:11.175 [main] INFO  c.kvds.recovery.RecoveryManagerImpl - Starting recovery from WAL
23:21:11.176 [main] DEBUG com.kvds.wal.WriteAheadLogImpl - Read 2 entries from WAL
23:21:11.176 [main] INFO  c.kvds.recovery.RecoveryManagerImpl - Recovery complete: 2 entries replayed out of 2
23:21:11.176 [main] INFO  com.kvds.core.KeyValueStoreImpl - KeyValueStore initialized with WAL and recovery complete
23:21:11.176 [main] DEBUG com.kvds.core.KeyValueStoreImpl - GET: key=key1, found=true
23:21:11.176 [main] DEBUG com.kvds.core.KeyValueStoreImpl - GET: key=key2, found=true
23:21:11.179 [main] DEBUG com.kvds.core.KeyValueStoreImpl - PUT successful: key=key3
23:21:11.180 [main] INFO  com.kvds.wal.WriteAheadLogImpl - WAL closed: C:\Users\pratt\AppData\Local\Temp\junit2575910694937899710\test-wal.log
23:21:11.180 [main] INFO  com.kvds.core.KeyValueStoreImpl - KeyValueStore closed
23:21:11.180 [main] INFO  com.kvds.wal.WriteAheadLogImpl - WriteAheadLog initialized: C:\Users\pratt\AppData\Local\Temp\junit2575910694937899710\test-wal.log
23:21:11.180 [main] DEBUG com.kvds.storage.InMemoryStorage - InMemoryStorage initialized
23:21:11.181 [main] INFO  c.kvds.recovery.RecoveryManagerImpl - Starting recovery from WAL
23:21:11.181 [main] DEBUG com.kvds.wal.WriteAheadLogImpl - Read 3 entries from WAL
23:21:11.181 [main] INFO  c.kvds.recovery.RecoveryManagerImpl - Recovery complete: 3 entries replayed out of 3
23:21:11.181 [main] INFO  com.kvds.core.KeyValueStoreImpl - KeyValueStore initialized with WAL and recovery complete
23:21:11.181 [main] DEBUG com.kvds.core.KeyValueStoreImpl - GET: key=key1, found=true
23:21:11.181 [main] DEBUG com.kvds.core.KeyValueStoreImpl - GET: key=key2, found=true
23:21:11.181 [main] DEBUG com.kvds.core.KeyValueStoreImpl - GET: key=key3, found=true
23:21:11.181 [main] INFO  com.kvds.wal.WriteAheadLogImpl - WAL closed: C:\Users\pratt\AppData\Local\Temp\junit2575910694937899710\test-wal.log
23:21:11.181 [main] INFO  com.kvds.core.KeyValueStoreImpl - KeyValueStore closed
23:21:11.181 [main] INFO  com.kvds.wal.WriteAheadLogImpl - WAL closed: C:\Users\pratt\AppData\Local\Temp\junit2575910694937899710\test-wal.log
23:21:11.181 [main] INFO  com.kvds.core.KeyValueStoreImpl - KeyValueStore closed
]]></system-out>
  </testcase>
  <testcase name="testRecoveryWithDeletes" classname="com.kvds.core.KeyValueStoreIntegrationTest" time="0.018">
    <system-out><![CDATA[23:21:11.186 [main] INFO  com.kvds.wal.WriteAheadLogImpl - WriteAheadLog initialized: C:\Users\pratt\AppData\Local\Temp\junit15483541652169105635\test-wal.log
23:21:11.186 [main] DEBUG com.kvds.storage.InMemoryStorage - InMemoryStorage initialized
23:21:11.186 [main] INFO  c.kvds.recovery.RecoveryManagerImpl - Starting recovery from WAL
23:21:11.186 [main] DEBUG com.kvds.wal.WriteAheadLogImpl - Read 0 entries from WAL
23:21:11.186 [main] INFO  c.kvds.recovery.RecoveryManagerImpl - No entries to recover
23:21:11.186 [main] INFO  com.kvds.core.KeyValueStoreImpl - KeyValueStore initialized with WAL and recovery complete
23:21:11.189 [main] DEBUG com.kvds.core.KeyValueStoreImpl - PUT successful: key=key1
23:21:11.191 [main] DEBUG com.kvds.core.KeyValueStoreImpl - PUT successful: key=key2
23:21:11.194 [main] DEBUG com.kvds.core.KeyValueStoreImpl - PUT successful: key=key3
23:21:11.195 [main] DEBUG com.kvds.core.KeyValueStoreImpl - DELETE successful: key=key2
23:21:11.198 [main] DEBUG com.kvds.core.KeyValueStoreImpl - PUT successful: key=key4
23:21:11.198 [main] INFO  com.kvds.wal.WriteAheadLogImpl - WAL closed: C:\Users\pratt\AppData\Local\Temp\junit15483541652169105635\test-wal.log
23:21:11.198 [main] INFO  com.kvds.core.KeyValueStoreImpl - KeyValueStore closed
23:21:11.199 [main] INFO  com.kvds.wal.WriteAheadLogImpl - WriteAheadLog initialized: C:\Users\pratt\AppData\Local\Temp\junit15483541652169105635\test-wal.log
23:21:11.199 [main] DEBUG com.kvds.storage.InMemoryStorage - InMemoryStorage initialized
23:21:11.199 [main] INFO  c.kvds.recovery.RecoveryManagerImpl - Starting recovery from WAL
23:21:11.199 [main] DEBUG com.kvds.wal.WriteAheadLogImpl - Read 5 entries from WAL
23:21:11.199 [main] INFO  c.kvds.recovery.RecoveryManagerImpl - Recovery complete: 5 entries replayed out of 5
23:21:11.199 [main] INFO  com.kvds.core.KeyValueStoreImpl - KeyValueStore initialized with WAL and recovery complete
23:21:11.199 [main] DEBUG com.kvds.core.KeyValueStoreImpl - GET: key=key1, found=true
23:21:11.199 [main] DEBUG com.kvds.core.KeyValueStoreImpl - GET: key=key2, found=false
23:21:11.199 [main] DEBUG com.kvds.core.KeyValueStoreImpl - GET: key=key3, found=true
23:21:11.199 [main] DEBUG com.kvds.core.KeyValueStoreImpl - GET: key=key4, found=true
23:21:11.200 [main] INFO  com.kvds.wal.WriteAheadLogImpl - WAL closed: C:\Users\pratt\AppData\Local\Temp\junit15483541652169105635\test-wal.log
23:21:11.200 [main] INFO  com.kvds.core.KeyValueStoreImpl - KeyValueStore closed
23:21:11.200 [main] INFO  com.kvds.wal.WriteAheadLogImpl - WAL closed: C:\Users\pratt\AppData\Local\Temp\junit15483541652169105635\test-wal.log
23:21:11.200 [main] INFO  com.kvds.core.KeyValueStoreImpl - KeyValueStore closed
]]></system-out>
  </testcase>
  <testcase name="testPutDeletePutSequence" classname="com.kvds.core.KeyValueStoreIntegrationTest" time="0.013">
    <system-out><![CDATA[23:21:11.205 [main] INFO  com.kvds.wal.WriteAheadLogImpl - WriteAheadLog initialized: C:\Users\pratt\AppData\Local\Temp\junit1766235312008613385\test-wal.log
23:21:11.205 [main] DEBUG com.kvds.storage.InMemoryStorage - InMemoryStorage initialized
23:21:11.205 [main] INFO  c.kvds.recovery.RecoveryManagerImpl - Starting recovery from WAL
23:21:11.205 [main] DEBUG com.kvds.wal.WriteAheadLogImpl - Read 0 entries from WAL
23:21:11.206 [main] INFO  c.kvds.recovery.RecoveryManagerImpl - No entries to recover
23:21:11.206 [main] INFO  com.kvds.core.KeyValueStoreImpl - KeyValueStore initialized with WAL and recovery complete
23:21:11.208 [main] DEBUG com.kvds.core.KeyValueStoreImpl - PUT successful: key=key1
23:21:11.209 [main] DEBUG com.kvds.core.KeyValueStoreImpl - DELETE successful: key=key1
23:21:11.212 [main] DEBUG com.kvds.core.KeyValueStoreImpl - PUT successful: key=key1
23:21:11.213 [main] INFO  com.kvds.wal.WriteAheadLogImpl - WAL closed: C:\Users\pratt\AppData\Local\Temp\junit1766235312008613385\test-wal.log
23:21:11.213 [main] INFO  com.kvds.core.KeyValueStoreImpl - KeyValueStore closed
23:21:11.213 [main] INFO  com.kvds.wal.WriteAheadLogImpl - WriteAheadLog initialized: C:\Users\pratt\AppData\Local\Temp\junit1766235312008613385\test-wal.log
23:21:11.213 [main] DEBUG com.kvds.storage.InMemoryStorage - InMemoryStorage initialized
23:21:11.213 [main] INFO  c.kvds.recovery.RecoveryManagerImpl - Starting recovery from WAL
23:21:11.214 [main] DEBUG com.kvds.wal.WriteAheadLogImpl - Read 3 entries from WAL
23:21:11.214 [main] INFO  c.kvds.recovery.RecoveryManagerImpl - Recovery complete: 3 entries replayed out of 3
23:21:11.214 [main] INFO  com.kvds.core.KeyValueStoreImpl - KeyValueStore initialized with WAL and recovery complete
23:21:11.214 [main] DEBUG com.kvds.core.KeyValueStoreImpl - GET: key=key1, found=true
23:21:11.214 [main] INFO  com.kvds.wal.WriteAheadLogImpl - WAL closed: C:\Users\pratt\AppData\Local\Temp\junit1766235312008613385\test-wal.log
23:21:11.214 [main] INFO  com.kvds.core.KeyValueStoreImpl - KeyValueStore closed
23:21:11.214 [main] INFO  com.kvds.wal.WriteAheadLogImpl - WAL closed: C:\Users\pratt\AppData\Local\Temp\junit1766235312008613385\test-wal.log
23:21:11.214 [main] INFO  com.kvds.core.KeyValueStoreImpl - KeyValueStore closed
]]></system-out>
  </testcase>
  <testcase name="testRecoveryFromEmptyWAL" classname="com.kvds.core.KeyValueStoreIntegrationTest" time="0.007">
    <system-out><![CDATA[23:21:11.219 [main] INFO  com.kvds.wal.WriteAheadLogImpl - WriteAheadLog initialized: C:\Users\pratt\AppData\Local\Temp\junit1815615871776726517\test-wal.log
23:21:11.219 [main] DEBUG com.kvds.storage.InMemoryStorage - InMemoryStorage initialized
23:21:11.219 [main] INFO  c.kvds.recovery.RecoveryManagerImpl - Starting recovery from WAL
23:21:11.220 [main] DEBUG com.kvds.wal.WriteAheadLogImpl - Read 0 entries from WAL
23:21:11.220 [main] INFO  c.kvds.recovery.RecoveryManagerImpl - No entries to recover
23:21:11.220 [main] INFO  com.kvds.core.KeyValueStoreImpl - KeyValueStore initialized with WAL and recovery complete
23:21:11.221 [main] INFO  com.kvds.wal.WriteAheadLogImpl - WAL closed: C:\Users\pratt\AppData\Local\Temp\junit1815615871776726517\test-wal.log
23:21:11.221 [main] INFO  com.kvds.core.KeyValueStoreImpl - KeyValueStore closed
23:21:11.221 [main] INFO  com.kvds.wal.WriteAheadLogImpl - WriteAheadLog initialized: C:\Users\pratt\AppData\Local\Temp\junit1815615871776726517\test-wal.log
23:21:11.221 [main] DEBUG com.kvds.storage.InMemoryStorage - InMemoryStorage initialized
23:21:11.221 [main] INFO  c.kvds.recovery.RecoveryManagerImpl - Starting recovery from WAL
23:21:11.221 [main] DEBUG com.kvds.wal.WriteAheadLogImpl - Read 0 entries from WAL
23:21:11.222 [main] INFO  c.kvds.recovery.RecoveryManagerImpl - No entries to recover
23:21:11.222 [main] INFO  com.kvds.core.KeyValueStoreImpl - KeyValueStore initialized with WAL and recovery complete
23:21:11.222 [main] DEBUG com.kvds.core.KeyValueStoreImpl - GET: key=key1, found=false
23:21:11.222 [main] INFO  com.kvds.wal.WriteAheadLogImpl - WAL closed: C:\Users\pratt\AppData\Local\Temp\junit1815615871776726517\test-wal.log
23:21:11.222 [main] INFO  com.kvds.core.KeyValueStoreImpl - KeyValueStore closed
23:21:11.222 [main] INFO  com.kvds.wal.WriteAheadLogImpl - WAL closed: C:\Users\pratt\AppData\Local\Temp\junit1815615871776726517\test-wal.log
23:21:11.222 [main] INFO  com.kvds.core.KeyValueStoreImpl - KeyValueStore closed
]]></system-out>
  </testcase>
  <testcase name="testOperationsAfterRecovery" classname="com.kvds.core.KeyValueStoreIntegrationTest" time="0.022">
    <system-out><![CDATA[23:21:11.230 [main] INFO  com.kvds.wal.WriteAheadLogImpl - WriteAheadLog initialized: C:\Users\pratt\AppData\Local\Temp\junit13336903761407876096\test-wal.log
23:21:11.230 [main] DEBUG com.kvds.storage.InMemoryStorage - InMemoryStorage initialized
23:21:11.230 [main] INFO  c.kvds.recovery.RecoveryManagerImpl - Starting recovery from WAL
23:21:11.230 [main] DEBUG com.kvds.wal.WriteAheadLogImpl - Read 0 entries from WAL
23:21:11.231 [main] INFO  c.kvds.recovery.RecoveryManagerImpl - No entries to recover
23:21:11.231 [main] INFO  com.kvds.core.KeyValueStoreImpl - KeyValueStore initialized with WAL and recovery complete
23:21:11.234 [main] DEBUG com.kvds.core.KeyValueStoreImpl - PUT successful: key=key1
23:21:11.235 [main] DEBUG com.kvds.core.KeyValueStoreImpl - PUT successful: key=key2
23:21:11.235 [main] INFO  com.kvds.wal.WriteAheadLogImpl - WAL closed: C:\Users\pratt\AppData\Local\Temp\junit13336903761407876096\test-wal.log
23:21:11.235 [main] INFO  com.kvds.core.KeyValueStoreImpl - KeyValueStore closed
23:21:11.237 [main] INFO  com.kvds.wal.WriteAheadLogImpl - WriteAheadLog initialized: C:\Users\pratt\AppData\Local\Temp\junit13336903761407876096\test-wal.log
23:21:11.238 [main] DEBUG com.kvds.storage.InMemoryStorage - InMemoryStorage initialized
23:21:11.238 [main] INFO  c.kvds.recovery.RecoveryManagerImpl - Starting recovery from WAL
23:21:11.238 [main] DEBUG com.kvds.wal.WriteAheadLogImpl - Read 2 entries from WAL
23:21:11.239 [main] INFO  c.kvds.recovery.RecoveryManagerImpl - Recovery complete: 2 entries replayed out of 2
23:21:11.239 [main] INFO  com.kvds.core.KeyValueStoreImpl - KeyValueStore initialized with WAL and recovery complete
23:21:11.239 [main] DEBUG com.kvds.core.KeyValueStoreImpl - GET: key=key1, found=true
23:21:11.239 [main] DEBUG com.kvds.core.KeyValueStoreImpl - GET: key=key2, found=true
23:21:11.240 [main] DEBUG com.kvds.core.KeyValueStoreImpl - PUT successful: key=key3
23:21:11.243 [main] DEBUG com.kvds.core.KeyValueStoreImpl - DELETE successful: key=key1
23:21:11.243 [main] DEBUG com.kvds.core.KeyValueStoreImpl - GET: key=key1, found=false
23:21:11.243 [main] DEBUG com.kvds.core.KeyValueStoreImpl - GET: key=key2, found=true
23:21:11.243 [main] DEBUG com.kvds.core.KeyValueStoreImpl - GET: key=key3, found=true
23:21:11.243 [main] INFO  com.kvds.wal.WriteAheadLogImpl - WAL closed: C:\Users\pratt\AppData\Local\Temp\junit13336903761407876096\test-wal.log
23:21:11.244 [main] INFO  com.kvds.core.KeyValueStoreImpl - KeyValueStore closed
23:21:11.244 [main] INFO  com.kvds.wal.WriteAheadLogImpl - WriteAheadLog initialized: C:\Users\pratt\AppData\Local\Temp\junit13336903761407876096\test-wal.log
23:21:11.244 [main] DEBUG com.kvds.storage.InMemoryStorage - InMemoryStorage initialized
23:21:11.244 [main] INFO  c.kvds.recovery.RecoveryManagerImpl - Starting recovery from WAL
23:21:11.244 [main] DEBUG com.kvds.wal.WriteAheadLogImpl - Read 4 entries from WAL
23:21:11.244 [main] INFO  c.kvds.recovery.RecoveryManagerImpl - Recovery complete: 4 entries replayed out of 4
23:21:11.244 [main] INFO  com.kvds.core.KeyValueStoreImpl - KeyValueStore initialized with WAL and recovery complete
23:21:11.244 [main] DEBUG com.kvds.core.KeyValueStoreImpl - GET: key=key1, found=false
23:21:11.245 [main] DEBUG com.kvds.core.KeyValueStoreImpl - GET: key=key2, found=true
23:21:11.245 [main] DEBUG com.kvds.core.KeyValueStoreImpl - GET: key=key3, found=true
23:21:11.245 [main] INFO  com.kvds.wal.WriteAheadLogImpl - WAL closed: C:\Users\pratt\AppData\Local\Temp\junit13336903761407876096\test-wal.log
23:21:11.245 [main] INFO  com.kvds.core.KeyValueStoreImpl - KeyValueStore closed
23:21:11.245 [main] INFO  com.kvds.wal.WriteAheadLogImpl - WAL closed: C:\Users\pratt\AppData\Local\Temp\junit13336903761407876096\test-wal.log
23:21:11.245 [main] INFO  com.kvds.core.KeyValueStoreImpl - KeyValueStore closed
]]></system-out>
  </testcase>
</testsuite>