<?xml version="1.0" encoding="UTF-8"?>
<testsuite xmlns:xsi="http://www.w3.org/2001/XMLSchema-instance" xsi:noNamespaceSchemaLocation="https://maven.apache.org/surefire/maven-surefire-plugin/xsd/surefire-test-report-3.0.xsd" version="3.0" name="com.kvds.wal.WriteAheadLogImplTest" time="0.215" tests="13" errors="0" skipped="0" failures="0">
  <properties>
[...]
</properties>
  <testcase name="testSpecialCharacters" classname="com.kvds.wal.WriteAheadLogImplTest" time="0.008">
    <system-out><![CDATA[23:21:13.549 [main] INFO  com.kvds.wal.WriteAheadLogImpl - WriteAheadLog initialized: C:\Users\pratt\AppData\Local\Temp\junit7909648809754538527\test-wal.log
23:21:13.553 [main] DEBUG com.kvds.wal.WriteAheadLogImpl - Read 1 entries from WAL
23:21:13.554 [main] INFO  com.kvds.wal.WriteAheadLogImpl - WAL closed: C:\Users\pratt\AppData\Local\Temp\junit7909648809754538527\test-wal.log
]]></system-out>
  </testcase>
  <testcase name="testConcurrentAppends" classname="com.kvds.wal.WriteAheadLogImplTest" time="0.085">
    <system-out><![CDATA[23:21:13.561 [main] INFO  com.kvds.wal.WriteAheadLogImpl - WriteAheadLog initialized: C:\Users\pratt\AppData\Local\Temp\junit6427238261750397319\test-wal.log
23:21:13.638 [main] DEBUG com.kvds.wal.WriteAheadLogImpl - Read 50 entries from WAL
23:21:13.639 [main] INFO  com.kvds.wal.WriteAheadLogImpl - WAL closed: C:\Users\pratt\AppData\Local\Temp\junit6427238261750397319\test-wal.log
]]></system-out>
  </testcase>
  <testcase name="testDeleteOperation" classname="com.kvds.wal.WriteAheadLogImplTest" time="0.011">
    <system-out><![CDATA[23:21:13.644 [main] INFO  com.kvds.wal.WriteAheadLogImpl - WriteAheadLog initialized: C:\Users\pratt\AppData\Local\Temp\junit6123754160022448076\test-wal.log
23:21:13.647 [main] DEBUG com.kvds.wal.WriteAheadLogImpl - Read 1 entries from WAL
23:21:13.648 [main] INFO  com.kvds.wal.WriteAheadLogImpl - WAL closed: C:\Users\pratt\AppData\Local\Temp\junit6123754160022448076\test-wal.log
]]></system-out>
  </testcase>
  <testcase name="testAppendAndReadSingleEntry" classname="com.kvds.wal.WriteAheadLogImplTest" time="0.009">
    <system-out><![CDATA[23:21:13.655 [main] INFO  com.kvds.wal.WriteAheadLogImpl - WriteAheadLog initialized: C:\Users\pratt\AppData\Local\Temp\junit12983434583859076133\test-wal.log
23:21:13.658 [main] DEBUG com.kvds.wal.WriteAheadLogImpl - Read 1 entries from WAL
23:21:13.659 [main] INFO  com.kvds.wal.WriteAheadLogImpl - WAL closed: C:\Users\pratt\AppData\Local\Temp\junit12983434583859076133\test-wal.log
]]></system-out>
  </testcase>
  <testcase name="testClear" classname="com.kvds.wal.WriteAheadLogImplTest" time="0.009">
    <system-out><![CDATA[23:21:13.664 [main] INFO  com.kvds.wal.WriteAheadLogImpl - WriteAheadLog initialized: C:\Users\pratt\AppData\Local\Temp\junit4194496305261051134\test-wal.log
23:21:13.668 [main] INFO  com.kvds.wal.WriteAheadLogImpl - WAL cleared: C:\Users\pratt\AppData\Local\Temp\junit4194496305261051134\test-wal.log
23:21:13.669 [main] INFO  com.kvds.wal.WriteAheadLogImpl - WAL closed: C:\Users\pratt\AppData\Local\Temp\junit4194496305261051134\test-wal.log
]]></system-out>
  </testcase>
  <testcase name="testCreateParentDirectories" classname="com.kvds.wal.WriteAheadLogImplTest" time="0.009">
    <system-out><![CDATA[23:21:13.673 [main] INFO  com.kvds.wal.WriteAheadLogImpl - WriteAheadLog initialized: C:\Users\pratt\AppData\Local\Temp\junit12656851244163844162\test-wal.log
23:21:13.675 [main] INFO  com.kvds.wal.WriteAheadLogImpl - WriteAheadLog initialized: C:\Users\pratt\AppData\Local\Temp\junit12656851244163844162\nested\dir\wal.log
23:21:13.675 [main] INFO  com.kvds.wal.WriteAheadLogImpl - WAL closed: C:\Users\pratt\AppData\Local\Temp\junit12656851244163844162\nested\dir\wal.log
23:21:13.677 [main] INFO  com.kvds.wal.WriteAheadLogImpl - WAL closed: C:\Users\pratt\AppData\Local\Temp\junit12656851244163844162\test-wal.log
]]></system-out>
  </testcase>
  <testcase name="testValuesWithSpaces" classname="com.kvds.wal.WriteAheadLogImplTest" time="0.009">
    <system-out><![CDATA[23:21:13.683 [main] INFO  com.kvds.wal.WriteAheadLogImpl - WriteAheadLog initialized: C:\Users\pratt\AppData\Local\Temp\junit7722666206276503413\test-wal.log
23:21:13.687 [main] DEBUG com.kvds.wal.WriteAheadLogImpl - Read 1 entries from WAL
23:21:13.689 [main] INFO  com.kvds.wal.WriteAheadLogImpl - WAL closed: C:\Users\pratt\AppData\Local\Temp\junit7722666206276503413\test-wal.log
]]></system-out>
  </testcase>
  <testcase name="testReadEmptyWal" classname="com.kvds.wal.WriteAheadLogImplTest" time="0.007">
    <system-out><![CDATA[23:21:13.695 [main] INFO  com.kvds.wal.WriteAheadLogImpl - WriteAheadLog initialized: C:\Users\pratt\AppData\Local\Temp\junit6268408391065158919\test-wal.log
23:21:13.696 [main] DEBUG com.kvds.wal.WriteAheadLogImpl - Read 0 entries from WAL
23:21:13.696 [main] INFO  com.kvds.wal.WriteAheadLogImpl - WAL closed: C:\Users\pratt\AppData\Local\Temp\junit6268408391065158919\test-wal.log
]]></system-out>
  </testcase>
  <testcase name="testCorruptedEntries" classname="com.kvds.wal.WriteAheadLogImplTest" time="0.015">
    <system-out><![CDATA[23:21:13.703 [main] INFO  com.kvds.wal.WriteAheadLogImpl - WriteAheadLog initialized: C:\Users\pratt\AppData\Local\Temp\junit6471595760634112913\test-wal.log
23:21:13.705 [main] INFO  com.kvds.wal.WriteAheadLogImpl - WAL closed: C:\Users\pratt\AppData\Local\Temp\junit6471595760634112913\test-wal.log
23:21:13.709 [main] INFO  com.kvds.wal.WriteAheadLogImpl - WriteAheadLog initialized: C:\Users\pratt\AppData\Local\Temp\junit6471595760634112913\test-wal.log
23:21:13.711 [main] WARN  com.kvds.wal.WriteAheadLogImpl - Skipping corrupted log entry at line 2: corrupted|entry
java.lang.IllegalArgumentException: Invalid log entry format: corrupted|entry
	at com.kvds.wal.LogEntry.deserialize(LogEntry.java:71)
	at com.kvds.wal.WriteAheadLogImpl.readAll(WriteAheadLogImpl.java:97)
	at com.kvds.wal.WriteAheadLogImplTest.testCorruptedEntries(WriteAheadLogImplTest.java:178)
	at java.base/jdk.internal.reflect.NativeMethodAccessorImpl.invoke0(Native Method)
	at java.base/jdk.internal.reflect.NativeMethodAccessorImpl.invoke(NativeMethodAccessorImpl.java:77)
	at java.base/jdk.internal.reflect.DelegatingMethodAccessorImpl.invoke(DelegatingMethodAccessorImpl.java:43)
	at java.base/java.lang.reflect.Method.invoke(Method.java:568)
	at org.junit.platform.commons.util.ReflectionUtils.invokeMethod(ReflectionUtils.java:728)
	at org.junit.jupiter.engine.execution.MethodInvocation.proceed(MethodInvocation.java:60)
	at org.junit.jupiter.engine.execution.InvocationInterceptorChain$ValidatingInvocation.proceed(InvocationInterceptorChain.java:131)
	at org.junit.jupiter.engine.extension.TimeoutExtension.intercept(TimeoutExtension.java:156)
	at org.junit.jupiter.engine.extension.TimeoutExtension.interceptTestableMethod(TimeoutExtension.java:147)
	at org.junit.jupiter.engine.extension.TimeoutExtension.interceptTestMethod(TimeoutExtension.java:86)
	at org.junit.jupiter.engine.execution.InterceptingExecutableInvoker$ReflectiveInterceptorCall.lambda$ofVoidMethod$0(InterceptingExecutableInvoker.java:103)
	at org.junit.jupiter.engine.execution.InterceptingExecutableInvoker.lambda$invoke$0(InterceptingExecutableInvoker.java:93)
	at org.junit.jupiter.engine.execution.InvocationInterceptorChain$InterceptedInvocation.proceed(InvocationInterceptorChain.java:106)
	at org.junit.jupiter.engine.execution.InvocationInterceptorChain.proceed(InvocationInterceptorChain.java:64)
	at org.junit.jupiter.engine.execution.InvocationInterceptorChain.chainAndInvoke(InvocationInterceptorChain.java:45)
	at org.junit.jupiter.engine.execution.InvocationInterceptorChain.invoke(InvocationInterceptorChain.java:37)
	at org.junit.jupiter.engine.execution.InterceptingExecutableInvoker.invoke(InterceptingExecutableInvoker.java:92)
	at org.junit.jupiter.engine.execution.InterceptingExecutableInvoker.invoke(InterceptingExecutableInvoker.java:86)
	at org.junit.jupiter.engine.descriptor.TestMethodTestDescriptor.lambda$invokeTestMethod$7(TestMethodTestDescriptor.java:218)
	at org.junit.platform.engine.support.hierarchical.ThrowableCollector.execute(ThrowableCollector.java:73)
	at org.junit.jupiter.engine.descriptor.TestMethodTestDescriptor.invokeTestMethod(TestMethodTestDescriptor.java:214)
	at org.junit.jupiter.engine.descriptor.TestMethodTestDescriptor.execute(TestMethodTestDescriptor.java:139)
	at org.junit.jupiter.engine.descriptor.TestMethodTestDescriptor.execute(TestMethodTestDescriptor.java:69)
	at org.junit.platform.engine.support.hierarchical.NodeTestTask.lambda$executeRecursively$6(NodeTestTask.java:151)
	at org.junit.platform.engine.support.hierarchical.ThrowableCollector.execute(ThrowableCollector.java:73)
	at org.junit.platform.engine.support.hierarchical.NodeTestTask.lambda$executeRecursively$8(NodeTestTask.java:141)
	at org.junit.platform.engine.support.hierarchical.Node.around(Node.java:137)
	at org.junit.platform.engine.support.hierarchical.NodeTestTask.lambda$executeRecursively$9(NodeTestTask.java:139)
	at org.junit.platform.engine.support.hierarchical.ThrowableCollector.execute(ThrowableCollector.java:73)
	at org.junit.platform.engine.support.hierarchical.NodeTestTask.executeRecursively(NodeTestTask.java:138)
	at org.junit.platform.engine.support.hierarchical.NodeTestTask.execute(NodeTestTask.java:95)
	at java.base/java.util.ArrayList.forEach(ArrayList.java:1511)
	at org.junit.platform.engine.support.hierarchical.SameThreadHierarchicalTestExecutorService.invokeAll(SameThreadHierarchicalTestExecutorService.java:41)
	at org.junit.platform.engine.support.hierarchical.NodeTestTask.lambda$executeRecursively$6(NodeTestTask.java:155)
	at org.junit.platform.engine.support.hierarchical.ThrowableCollector.execute(ThrowableCollector.java:73)
	at org.junit.platform.engine.support.hierarchical.NodeTestTask.lambda$executeRecursively$8(NodeTestTask.java:141)
	at org.junit.platform.engine.support.hierarchical.Node.around(Node.java:137)
	at org.junit.platform.engine.support.hierarchical.NodeTestTask.lambda$executeRecursively$9(NodeTestTask.java:139)
	at org.junit.platform.engine.support.hierarchical.ThrowableCollector.execute(ThrowableCollector.java:73)
	at org.junit.platform.engine.support.hierarchical.NodeTestTask.executeRecursively(NodeTestTask.java:138)
	at org.junit.platform.engine.support.hierarchical.NodeTestTask.execute(NodeTestTask.java:95)
	at java.base/java.util.ArrayList.forEach(ArrayList.java:1511)
	at org.junit.platform.engine.support.hierarchical.SameThreadHierarchicalTestExecutorService.invokeAll(SameThreadHierarchicalTestExecutorService.java:41)
	at org.junit.platform.engine.support.hierarchical.NodeTestTask.lambda$executeRecursively$6(NodeTestTask.java:155)
	at org.junit.platform.engine.support.hierarchical.ThrowableCollector.execute(ThrowableCollector.java:73)
	at org.junit.platform.engine.support.hierarchical.NodeTestTask.lambda$executeRecursively$8(NodeTestTask.java:141)
	at org.junit.platform.engine.support.hierarchical.Node.around(Node.java:137)
	at org.junit.platform.engine.support.hierarchical.NodeTestTask.lambda$executeRecursively$9(NodeTestTask.java:139)
	at org.junit.platform.engine.support.hierarchical.ThrowableCollector.execute(ThrowableCollector.java:73)
	at org.junit.platform.engine.support.hierarchical.NodeTestTask.executeRecursively(NodeTestTask.java:138)
	at org.junit.platform.engine.support.hierarchical.NodeTestTask.execute(NodeTestTask.java:95)
	at org.junit.platform.engine.support.hierarchical.SameThreadHierarchicalTestExecutorService.submit(SameThreadHierarchicalTestExecutorService.java:35)
	at org.junit.platform.engine.support.hierarchical.HierarchicalTestExecutor.execute(HierarchicalTestExecutor.java:57)
	at org.junit.platform.engine.support.hierarchical.HierarchicalTestEngine.execute(HierarchicalTestEngine.java:54)
	at org.junit.platform.launcher.core.EngineExecutionOrchestrator.execute(EngineExecutionOrchestrator.java:198)
	at org.junit.platform.launcher.core.EngineExecutionOrchestrator.execute(EngineExecutionOrchestrator.java:169)
	at org.junit.platform.launcher.core.EngineExecutionOrchestrator.execute(EngineExecutionOrchestrator.java:93)
	at org.junit.platform.launcher.core.EngineExecutionOrchestrator.lambda$execute$0(EngineExecutionOrchestrator.java:58)
	at org.junit.platform.launcher.core.EngineExecutionOrchestrator.withInterceptedStreams(EngineExecutionOrchestrator.java:141)
	at org.junit.platform.launcher.core.EngineExecutionOrchestrator.execute(EngineExecutionOrchestrator.java:57)
	at org.junit.platform.launcher.core.DefaultLauncher.execute(DefaultLauncher.java:103)
	at org.junit.platform.launcher.core.DefaultLauncher.execute(DefaultLauncher.java:85)
	at org.junit.platform.launcher.core.DelegatingLauncher.execute(DelegatingLauncher.java:47)
	at org.apache.maven.surefire.junitplatform.LazyLauncher.execute(LazyLauncher.java:56)
	at org.apache.maven.surefire.junitplatform.JUnitPlatformProvider.execute(JUnitPlatformProvider.java:184)
	at org.apache.maven.surefire.junitplatform.JUnitPlatformProvider.invokeAllTests(JUnitPlatformProvider.java:148)
	at org.apache.maven.surefire.junitplatform.JUnitPlatformProvider.invoke(JUnitPlatformProvider.java:122)
	at org.apache.maven.surefire.booter.ForkedBooter.runSuitesInProcess(ForkedBooter.java:385)
	at org.apache.maven.surefire.booter.ForkedBooter.execute(ForkedBooter.java:162)
	at org.apache.maven.surefire.booter.ForkedBooter.run(ForkedBooter.java:507)
	at org.apache.maven.surefire.booter.ForkedBooter.main(ForkedBooter.java:495)
23:21:13.712 [main] DEBUG com.kvds.wal.WriteAheadLogImpl - Read 2 entries from WAL
23:21:13.714 [main] INFO  com.kvds.wal.WriteAheadLogImpl - WAL closed: C:\Users\pratt\AppData\Local\Temp\junit6471595760634112913\test-wal.log
23:21:13.714 [main] INFO  com.kvds.wal.WriteAheadLogImpl - WAL closed: C:\Users\pratt\AppData\Local\Temp\junit6471595760634112913\test-wal.log
]]></system-out>
  </testcase>
  <testcase name="testCreateWalFile" classname="com.kvds.wal.WriteAheadLogImplTest" time="0.005">
    <system-out><![CDATA[23:21:13.719 [main] INFO  com.kvds.wal.WriteAheadLogImpl - WriteAheadLog initialized: C:\Users\pratt\AppData\Local\Temp\junit14508255775202596552\test-wal.log
23:21:13.720 [main] INFO  com.kvds.wal.WriteAheadLogImpl - WAL closed: C:\Users\pratt\AppData\Local\Temp\junit14508255775202596552\test-wal.log
]]></system-out>
  </testcase>
  <testcase name="testAppendNullEntry" classname="com.kvds.wal.WriteAheadLogImplTest" time="0.008">
    <system-out><![CDATA[23:21:13.726 [main] INFO  com.kvds.wal.WriteAheadLogImpl - WriteAheadLog initialized: C:\Users\pratt\AppData\Local\Temp\junit8825244090205699391\test-wal.log
23:21:13.727 [main] INFO  com.kvds.wal.WriteAheadLogImpl - WAL closed: C:\Users\pratt\AppData\Local\Temp\junit8825244090205699391\test-wal.log
]]></system-out>
  </testcase>
  <testcase name="testPersistenceAcrossInstances" classname="com.kvds.wal.WriteAheadLogImplTest" time="0.014">
    <system-out><![CDATA[23:21:13.733 [main] INFO  com.kvds.wal.WriteAheadLogImpl - WriteAheadLog initialized: C:\Users\pratt\AppData\Local\Temp\junit8467569443658301584\test-wal.log
23:21:13.738 [main] INFO  com.kvds.wal.WriteAheadLogImpl - WAL closed: C:\Users\pratt\AppData\Local\Temp\junit8467569443658301584\test-wal.log
23:21:13.739 [main] INFO  com.kvds.wal.WriteAheadLogImpl - WriteAheadLog initialized: C:\Users\pratt\AppData\Local\Temp\junit8467569443658301584\test-wal.log
23:21:13.741 [main] DEBUG com.kvds.wal.WriteAheadLogImpl - Read 2 entries from WAL
23:21:13.741 [main] INFO  com.kvds.wal.WriteAheadLogImpl - WAL closed: C:\Users\pratt\AppData\Local\Temp\junit8467569443658301584\test-wal.log
23:21:13.742 [main] INFO  com.kvds.wal.WriteAheadLogImpl - WAL closed: C:\Users\pratt\AppData\Local\Temp\junit8467569443658301584\test-wal.log
]]></system-out>
  </testcase>
  <testcase name="testAppendAndReadMultipleEntries" classname="com.kvds.wal.WriteAheadLogImplTest" time="0.013">
    <system-out><![CDATA[23:21:13.748 [main] INFO  com.kvds.wal.WriteAheadLogImpl - WriteAheadLog initialized: C:\Users\pratt\AppData\Local\Temp\junit4270533609946011443\test-wal.log
23:21:13.756 [main] DEBUG com.kvds.wal.WriteAheadLogImpl - Read 3 entries from WAL
23:21:13.757 [main] INFO  com.kvds.wal.WriteAheadLogImpl - WAL closed: C:\Users\pratt\AppData\Local\Temp\junit4270533609946011443\test-wal.log
]]></system-out>
  </testcase>
</testsuite>