<?xml version="1.0" encoding="UTF-8"?>
<testsuite xmlns:xsi="http://www.w3.org/2001/XMLSchema-instance" xsi:noNamespaceSchemaLocation="https://maven.apache.org/surefire/maven-surefire-plugin/xsd/surefire-test-report-3.0.xsd" version="3.0" name="com.kvds.core.KeyValueStoreImplTest" time="0.72" tests="19" errors="0" skipped="0" failures="0">
  <properties>
[...]
</properties>
  <testcase name="testDeleteEmptyKey" classname="com.kvds.core.KeyValueStoreImplTest" time="0.588">
    <system-out><![CDATA[23:21:10.602 [main] DEBUG com.kvds.storage.InMemoryStorage - InMemoryStorage initialized
23:21:10.611 [main] INFO  com.kvds.core.KeyValueStoreImpl - KeyValueStore initialized without WAL
]]></system-out>
  </testcase>
  <testcase name="testGetNullKey" classname="com.kvds.core.KeyValueStoreImplTest" time="0.004">
    <system-out><![CDATA[23:21:10.656 [main] DEBUG com.kvds.storage.InMemoryStorage - InMemoryStorage initialized
23:21:10.658 [main] INFO  com.kvds.core.KeyValueStoreImpl - KeyValueStore initialized without WAL
]]></system-out>
  </testcase>
  <testcase name="testGetEmptyKey" classname="com.kvds.core.KeyValueStoreImplTest" time="0.002">
    <system-out><![CDATA[23:21:10.661 [main] DEBUG com.kvds.storage.InMemoryStorage - InMemoryStorage initialized
23:21:10.662 [main] INFO  com.kvds.core.KeyValueStoreImpl - KeyValueStore initialized without WAL
]]></system-out>
  </testcase>
  <testcase name="testUpdateExistingKey" classname="com.kvds.core.KeyValueStoreImplTest" time="0.015">
    <system-out><![CDATA[23:21:10.666 [main] DEBUG com.kvds.storage.InMemoryStorage - InMemoryStorage initialized
23:21:10.666 [main] INFO  com.kvds.core.KeyValueStoreImpl - KeyValueStore initialized without WAL
23:21:10.668 [main] DEBUG com.kvds.core.KeyValueStoreImpl - PUT successful: key=key1
23:21:10.675 [main] DEBUG com.kvds.core.KeyValueStoreImpl - PUT successful: key=key1
23:21:10.675 [main] DEBUG com.kvds.core.KeyValueStoreImpl - GET: key=key1, found=true
]]></system-out>
  </testcase>
  <testcase name="testPutValueWithPipe" classname="com.kvds.core.KeyValueStoreImplTest" time="0.004">
    <system-out><![CDATA[23:21:10.682 [main] DEBUG com.kvds.storage.InMemoryStorage - InMemoryStorage initialized
23:21:10.682 [main] INFO  com.kvds.core.KeyValueStoreImpl - KeyValueStore initialized without WAL
]]></system-out>
  </testcase>
  <testcase name="testClear" classname="com.kvds.core.KeyValueStoreImplTest" time="0.003">
    <system-out><![CDATA[23:21:10.687 [main] DEBUG com.kvds.storage.InMemoryStorage - InMemoryStorage initialized
23:21:10.688 [main] INFO  com.kvds.core.KeyValueStoreImpl - KeyValueStore initialized without WAL
23:21:10.688 [main] DEBUG com.kvds.core.KeyValueStoreImpl - PUT successful: key=key1
23:21:10.688 [main] DEBUG com.kvds.core.KeyValueStoreImpl - PUT successful: key=key2
23:21:10.688 [main] DEBUG com.kvds.storage.InMemoryStorage - Storage cleared
23:21:10.688 [main] INFO  com.kvds.core.KeyValueStoreImpl - Store cleared
23:21:10.688 [main] DEBUG com.kvds.core.KeyValueStoreImpl - GET: key=key1, found=false
23:21:10.688 [main] DEBUG com.kvds.core.KeyValueStoreImpl - GET: key=key2, found=false
]]></system-out>
  </testcase>
  <testcase name="testClose" classname="com.kvds.core.KeyValueStoreImplTest" time="0.003">
    <system-out><![CDATA[23:21:10.691 [main] DEBUG com.kvds.storage.InMemoryStorage - InMemoryStorage initialized
23:21:10.693 [main] INFO  com.kvds.core.KeyValueStoreImpl - KeyValueStore initialized without WAL
23:21:10.693 [main] INFO  com.kvds.core.KeyValueStoreImpl - KeyValueStore closed
]]></system-out>
  </testcase>
  <testcase name="testCreateStoreWithNullStorage" classname="com.kvds.core.KeyValueStoreImplTest" time="0.003">
    <system-out><![CDATA[23:21:10.696 [main] DEBUG com.kvds.storage.InMemoryStorage - InMemoryStorage initialized
23:21:10.697 [main] INFO  com.kvds.core.KeyValueStoreImpl - KeyValueStore initialized without WAL
]]></system-out>
  </testcase>
  <testcase name="testCreateStore" classname="com.kvds.core.KeyValueStoreImplTest" time="0.003">
    <system-out><![CDATA[23:21:10.702 [main] DEBUG com.kvds.storage.InMemoryStorage - InMemoryStorage initialized
23:21:10.703 [main] INFO  com.kvds.core.KeyValueStoreImpl - KeyValueStore initialized without WAL
]]></system-out>
  </testcase>
  <testcase name="testPutKeyWithPipe" classname="com.kvds.core.KeyValueStoreImplTest" time="0.003">
    <system-out><![CDATA[23:21:10.706 [main] DEBUG com.kvds.storage.InMemoryStorage - InMemoryStorage initialized
23:21:10.707 [main] INFO  com.kvds.core.KeyValueStoreImpl - KeyValueStore initialized without WAL
]]></system-out>
  </testcase>
  <testcase name="testPutAndGet" classname="com.kvds.core.KeyValueStoreImplTest" time="0.002">
    <system-out><![CDATA[23:21:10.710 [main] DEBUG com.kvds.storage.InMemoryStorage - InMemoryStorage initialized
23:21:10.711 [main] INFO  com.kvds.core.KeyValueStoreImpl - KeyValueStore initialized without WAL
23:21:10.711 [main] DEBUG com.kvds.core.KeyValueStoreImpl - PUT successful: key=key1
23:21:10.711 [main] DEBUG com.kvds.core.KeyValueStoreImpl - GET: key=key1, found=true
]]></system-out>
  </testcase>
  <testcase name="testDeleteNullKey" classname="com.kvds.core.KeyValueStoreImplTest" time="0.002">
    <system-out><![CDATA[23:21:10.714 [main] DEBUG com.kvds.storage.InMemoryStorage - InMemoryStorage initialized
23:21:10.714 [main] INFO  com.kvds.core.KeyValueStoreImpl - KeyValueStore initialized without WAL
]]></system-out>
  </testcase>
  <testcase name="testGetNonExistentKey" classname="com.kvds.core.KeyValueStoreImplTest" time="0.002">
    <system-out><![CDATA[23:21:10.717 [main] DEBUG com.kvds.storage.InMemoryStorage - InMemoryStorage initialized
23:21:10.717 [main] INFO  com.kvds.core.KeyValueStoreImpl - KeyValueStore initialized without WAL
23:21:10.718 [main] DEBUG com.kvds.core.KeyValueStoreImpl - GET: key=nonexistent, found=false
]]></system-out>
  </testcase>
  <testcase name="testDeleteNonExistentKey" classname="com.kvds.core.KeyValueStoreImplTest" time="0.002">
    <system-out><![CDATA[23:21:10.719 [main] DEBUG com.kvds.storage.InMemoryStorage - InMemoryStorage initialized
23:21:10.720 [main] INFO  com.kvds.core.KeyValueStoreImpl - KeyValueStore initialized without WAL
23:21:10.721 [main] DEBUG com.kvds.core.KeyValueStoreImpl - DELETE successful: key=nonexistent
]]></system-out>
  </testcase>
  <testcase name="testPutNullValue" classname="com.kvds.core.KeyValueStoreImplTest" time="0.005">
    <system-out><![CDATA[23:21:10.724 [main] DEBUG com.kvds.storage.InMemoryStorage - InMemoryStorage initialized
23:21:10.725 [main] INFO  com.kvds.core.KeyValueStoreImpl - KeyValueStore initialized without WAL
]]></system-out>
  </testcase>
  <testcase name="testPutEmptyKey" classname="com.kvds.core.KeyValueStoreImplTest" time="0.004">
    <system-out><![CDATA[23:21:10.730 [main] DEBUG com.kvds.storage.InMemoryStorage - InMemoryStorage initialized
23:21:10.731 [main] INFO  com.kvds.core.KeyValueStoreImpl - KeyValueStore initialized without WAL
]]></system-out>
  </testcase>
  <testcase name="testDelete" classname="com.kvds.core.KeyValueStoreImplTest" time="0.003">
    <system-out><![CDATA[23:21:10.734 [main] DEBUG com.kvds.storage.InMemoryStorage - InMemoryStorage initialized
23:21:10.734 [main] INFO  com.kvds.core.KeyValueStoreImpl - KeyValueStore initialized without WAL
23:21:10.734 [main] DEBUG com.kvds.core.KeyValueStoreImpl - PUT successful: key=key1
23:21:10.735 [main] DEBUG com.kvds.core.KeyValueStoreImpl - DELETE successful: key=key1
23:21:10.735 [main] DEBUG com.kvds.core.KeyValueStoreImpl - GET: key=key1, found=false
]]></system-out>
  </testcase>
  <testcase name="testPutNullKey" classname="com.kvds.core.KeyValueStoreImplTest" time="0.002">
    <system-out><![CDATA[23:21:10.737 [main] DEBUG com.kvds.storage.InMemoryStorage - InMemoryStorage initialized
23:21:10.737 [main] INFO  com.kvds.core.KeyValueStoreImpl - KeyValueStore initialized without WAL
]]></system-out>
  </testcase>
  <testcase name="testMultipleOperations" classname="com.kvds.core.KeyValueStoreImplTest" time="0.003">
    <system-out><![CDATA[23:21:10.741 [main] DEBUG com.kvds.storage.InMemoryStorage - InMemoryStorage initialized
23:21:10.742 [main] INFO  com.kvds.core.KeyValueStoreImpl - KeyValueStore initialized without WAL
23:21:10.742 [main] DEBUG com.kvds.core.KeyValueStoreImpl - PUT successful: key=key1
23:21:10.743 [main] DEBUG com.kvds.core.KeyValueStoreImpl - PUT successful: key=key2
23:21:10.743 [main] DEBUG com.kvds.core.KeyValueStoreImpl - PUT successful: key=key3
23:21:10.743 [main] DEBUG com.kvds.core.KeyValueStoreImpl - GET: key=key1, found=true
23:21:10.743 [main] DEBUG com.kvds.core.KeyValueStoreImpl - GET: key=key2, found=true
23:21:10.743 [main] DEBUG com.kvds.core.KeyValueStoreImpl - GET: key=key3, found=true
23:21:10.743 [main] DEBUG com.kvds.core.KeyValueStoreImpl - DELETE successful: key=key2
23:21:10.743 [main] DEBUG com.kvds.core.KeyValueStoreImpl - GET: key=key2, found=false
23:21:10.743 [main] DEBUG com.kvds.core.KeyValueStoreImpl - GET: key=key1, found=true
23:21:10.743 [main] DEBUG com.kvds.core.KeyValueStoreImpl - GET: key=key3, found=true
]]></system-out>
  </testcase>
</testsuite>